#! /usr/local/bin/vvp
:ivl_version "12.0 (stable)";
:ivl_delay_selection "TYPICAL";
:vpi_time_precision + 0;
:vpi_module "/usr/local/lib/ivl/system.vpi";
:vpi_module "/usr/local/lib/ivl/vhdl_sys.vpi";
:vpi_module "/usr/local/lib/ivl/vhdl_textio.vpi";
:vpi_module "/usr/local/lib/ivl/v2005_math.vpi";
:vpi_module "/usr/local/lib/ivl/va_math.vpi";
S_0x5fedb3ba9d10 .scope module, "alu" "alu" 2 1;
 .timescale 0 0;
    .port_info 0 /INPUT 32 "in_a";
    .port_info 1 /INPUT 32 "in_b";
    .port_info 2 /INPUT 32 "inst";
    .port_info 3 /OUTPUT 32 "result";
    .port_info 4 /OUTPUT 1 "take_b";
L_0x5fedb3c04b50 .functor OR 1, L_0x5fedb3c047b0, L_0x5fedb3c049f0, C4<0>, C4<0>;
L_0x5fedb3c04fd0 .functor NOT 1, L_0x5fedb3c04ee0, C4<0>, C4<0>, C4<0>;
L_0x5fedb3c05230 .functor XOR 1, L_0x5fedb3c05090, L_0x5fedb3c05190, C4<0>, C4<0>;
o0x7958e9e80648 .functor BUFZ 32, C4<zzzzzzzzzzzzzzzzzzzzzzzzzzzzzzzz>; HiZ drive
o0x7958e9e868b8 .functor BUFZ 32, C4<zzzzzzzzzzzzzzzzzzzzzzzzzzzzzzzz>; HiZ drive
L_0x5fedb3c05620 .functor OR 32, o0x7958e9e80648, o0x7958e9e868b8, C4<00000000000000000000000000000000>, C4<00000000000000000000000000000000>;
L_0x5fedb3c05470 .functor NOT 1, L_0x5fedb3c05a50, C4<0>, C4<0>, C4<0>;
L_0x5fedb3c05cb0 .functor AND 1, L_0x5fedb3c05470, L_0x5fedb3c05b70, C4<1>, C4<1>;
L_0x5fedb3c05e30 .functor OR 1, L_0x5fedb3c05920, L_0x5fedb3c05cb0, C4<0>, C4<0>;
L_0x5fedb3c05f40 .functor AND 1, L_0x5fedb3c057e0, L_0x5fedb3c05e30, C4<1>, C4<1>;
L_0x5fedb3c06380 .functor OR 1, L_0x5fedb3c05f40, L_0x5fedb3c06190, C4<0>, C4<0>;
L_0x5fedb3c1cd40 .functor AND 1, L_0x5fedb3c1f660, L_0x5fedb3c1f700, C4<1>, C4<1>;
L_0x5fedb3c20890 .functor XOR 1, v0x5fedb3c00060_0, L_0x5fedb3c22700, C4<0>, C4<0>;
v0x5fedb3bfdab0_0 .net *"_ivl_11", 6 0, L_0x5fedb3c04950;  1 drivers
L_0x7958e9e37060 .functor BUFT 1, C4<0010111>, C4<0>, C4<0>, C4<0>;
v0x5fedb3bfdbb0_0 .net/2u *"_ivl_12", 6 0, L_0x7958e9e37060;  1 drivers
v0x5fedb3bfdc90_0 .net *"_ivl_14", 0 0, L_0x5fedb3c049f0;  1 drivers
v0x5fedb3bfdd30_0 .net *"_ivl_16", 0 0, L_0x5fedb3c04b50;  1 drivers
L_0x7958e9e370a8 .functor BUFT 1, C4<000>, C4<0>, C4<0>, C4<0>;
v0x5fedb3bfde10_0 .net/2u *"_ivl_18", 2 0, L_0x7958e9e370a8;  1 drivers
v0x5fedb3bfdef0_0 .net *"_ivl_21", 2 0, L_0x5fedb3c04c60;  1 drivers
v0x5fedb3bfdfd0_0 .net *"_ivl_25", 0 0, L_0x5fedb3c04ee0;  1 drivers
v0x5fedb3bfe090_0 .net *"_ivl_29", 0 0, L_0x5fedb3c05090;  1 drivers
v0x5fedb3bfe170_0 .net *"_ivl_31", 0 0, L_0x5fedb3c05190;  1 drivers
v0x5fedb3bfe2e0_0 .net *"_ivl_32", 0 0, L_0x5fedb3c05230;  1 drivers
v0x5fedb3bfe3c0_0 .net *"_ivl_35", 0 0, L_0x5fedb3c05340;  1 drivers
v0x5fedb3bfe4a0_0 .net *"_ivl_41", 6 0, L_0x5fedb3c056c0;  1 drivers
L_0x7958e9e370f0 .functor BUFT 1, C4<0110011>, C4<0>, C4<0>, C4<0>;
v0x5fedb3bfe580_0 .net/2u *"_ivl_42", 6 0, L_0x7958e9e370f0;  1 drivers
v0x5fedb3bfe660_0 .net *"_ivl_44", 0 0, L_0x5fedb3c057e0;  1 drivers
v0x5fedb3bfe720_0 .net *"_ivl_47", 0 0, L_0x5fedb3c05920;  1 drivers
v0x5fedb3bfe800_0 .net *"_ivl_49", 0 0, L_0x5fedb3c05a50;  1 drivers
v0x5fedb3bfe8e0_0 .net *"_ivl_5", 6 0, L_0x5fedb3c046e0;  1 drivers
v0x5fedb3bfead0_0 .net *"_ivl_50", 0 0, L_0x5fedb3c05470;  1 drivers
v0x5fedb3bfebb0_0 .net *"_ivl_53", 0 0, L_0x5fedb3c05b70;  1 drivers
v0x5fedb3bfec90_0 .net *"_ivl_54", 0 0, L_0x5fedb3c05cb0;  1 drivers
v0x5fedb3bfed70_0 .net *"_ivl_56", 0 0, L_0x5fedb3c05e30;  1 drivers
v0x5fedb3bfee50_0 .net *"_ivl_58", 0 0, L_0x5fedb3c05f40;  1 drivers
L_0x7958e9e37018 .functor BUFT 1, C4<1101111>, C4<0>, C4<0>, C4<0>;
v0x5fedb3bfef30_0 .net/2u *"_ivl_6", 6 0, L_0x7958e9e37018;  1 drivers
v0x5fedb3bff010_0 .net *"_ivl_61", 6 0, L_0x5fedb3c060a0;  1 drivers
L_0x7958e9e37138 .functor BUFT 1, C4<1100011>, C4<0>, C4<0>, C4<0>;
v0x5fedb3bff0f0_0 .net/2u *"_ivl_62", 6 0, L_0x7958e9e37138;  1 drivers
v0x5fedb3bff1d0_0 .net *"_ivl_64", 0 0, L_0x5fedb3c06190;  1 drivers
L_0x7958e9e37180 .functor BUFT 1, C4<001>, C4<0>, C4<0>, C4<0>;
v0x5fedb3bff290_0 .net/2u *"_ivl_68", 2 0, L_0x7958e9e37180;  1 drivers
v0x5fedb3bff370_0 .net *"_ivl_70", 0 0, L_0x5fedb3c1f370;  1 drivers
v0x5fedb3bff430_0 .net *"_ivl_75", 0 0, L_0x5fedb3c1f660;  1 drivers
v0x5fedb3bff510_0 .net *"_ivl_77", 0 0, L_0x5fedb3c1f700;  1 drivers
v0x5fedb3bff5f0_0 .net *"_ivl_78", 0 0, L_0x5fedb3c1cd40;  1 drivers
v0x5fedb3bff6d0_0 .net *"_ivl_8", 0 0, L_0x5fedb3c047b0;  1 drivers
v0x5fedb3bff790_0 .net *"_ivl_80", 32 0, L_0x5fedb3c1f970;  1 drivers
v0x5fedb3bffa80_0 .net *"_ivl_83", 4 0, L_0x5fedb3c1fa60;  1 drivers
v0x5fedb3bffb60_0 .net *"_ivl_84", 32 0, L_0x5fedb3c1fbe0;  1 drivers
v0x5fedb3bffc40_0 .net *"_ivl_89", 0 0, L_0x5fedb3c22700;  1 drivers
v0x5fedb3bffd20_0 .net "a_flipped", 31 0, L_0x5fedb3c1e970;  1 drivers
v0x5fedb3bffde0_0 .net "d_result", 2 0, L_0x5fedb3c04d00;  1 drivers
v0x5fedb3bffea0_0 .net "d_take_b", 1 0, L_0x5fedb3c04610;  1 drivers
v0x5fedb3bfff80_0 .net "func3", 2 0, L_0x5fedb3c04540;  1 drivers
v0x5fedb3c00060_0 .var "i_take_b", 0 0;
v0x5fedb3c00120_0 .net "in_a", 31 0, o0x7958e9e80648;  0 drivers
v0x5fedb3c001e0_0 .net "in_b", 31 0, o0x7958e9e868b8;  0 drivers
v0x5fedb3c002a0_0 .net "in_shifter", 31 0, L_0x5fedb3c1f4b0;  1 drivers
o0x7958e9e872d8 .functor BUFZ 32, C4<zzzzzzzzzzzzzzzzzzzzzzzzzzzzzzzz>; HiZ drive
v0x5fedb3c00360_0 .net "inst", 31 0, o0x7958e9e872d8;  0 drivers
v0x5fedb3c00440_0 .net "left_shift", 31 0, L_0x5fedb3c21cb0;  1 drivers
v0x5fedb3c00500_0 .net "minus", 0 0, L_0x5fedb3c06380;  1 drivers
v0x5fedb3c005a0_0 .net "r_AND", 31 0, L_0x5fedb3c19050;  1 drivers
v0x5fedb3c00640_0 .net "r_OR", 31 0, L_0x5fedb3c05620;  1 drivers
v0x5fedb3c006e0_0 .net "r_XOR", 31 0, L_0x5fedb3c19140;  1 drivers
v0x5fedb3c007a0_0 .net "r_add_sub", 31 0, L_0x5fedb3c1a510;  1 drivers
v0x5fedb3c00870_0 .var "result", 31 0;
v0x5fedb3c00930_0 .net "right_shift", 31 0, L_0x5fedb3c1fd20;  1 drivers
v0x5fedb3c00a20_0 .net "t_EQ", 0 0, L_0x5fedb3c04fd0;  1 drivers
v0x5fedb3c00ac0_0 .net "t_LT", 0 0, L_0x5fedb3c054e0;  1 drivers
v0x5fedb3c00b80_0 .net "t_LTU", 0 0, L_0x5fedb3c1c460;  1 drivers
v0x5fedb3c00c50_0 .net "take_b", 0 0, L_0x5fedb3c20890;  1 drivers
E_0x5fedb3b30d50/0 .event anyedge, v0x5fedb3bffea0_0, v0x5fedb3c00a20_0, v0x5fedb3bfff80_0, v0x5fedb3c00ac0_0;
E_0x5fedb3b30d50/1 .event anyedge, v0x5fedb3bfd220_0;
E_0x5fedb3b30d50 .event/or E_0x5fedb3b30d50/0, E_0x5fedb3b30d50/1;
E_0x5fedb3b31fe0/0 .event anyedge, v0x5fedb3bffde0_0, v0x5fedb3bfd8f0_0, v0x5fedb3b78940_0, v0x5fedb3c00ac0_0;
E_0x5fedb3b31fe0/1 .event anyedge, v0x5fedb3bfd220_0, v0x5fedb3bfd750_0, v0x5fedb3b7c6b0_0, v0x5fedb3c00640_0;
E_0x5fedb3b31fe0/2 .event anyedge, v0x5fedb3bfd670_0;
E_0x5fedb3b31fe0 .event/or E_0x5fedb3b31fe0/0, E_0x5fedb3b31fe0/1, E_0x5fedb3b31fe0/2;
L_0x5fedb3c04540 .part o0x7958e9e872d8, 12, 3;
L_0x5fedb3c04610 .part o0x7958e9e872d8, 13, 2;
L_0x5fedb3c046e0 .part o0x7958e9e872d8, 0, 7;
L_0x5fedb3c047b0 .cmp/eq 7, L_0x5fedb3c046e0, L_0x7958e9e37018;
L_0x5fedb3c04950 .part o0x7958e9e872d8, 0, 7;
L_0x5fedb3c049f0 .cmp/eq 7, L_0x5fedb3c04950, L_0x7958e9e37060;
L_0x5fedb3c04c60 .part o0x7958e9e872d8, 12, 3;
L_0x5fedb3c04d00 .functor MUXZ 3, L_0x5fedb3c04c60, L_0x7958e9e370a8, L_0x5fedb3c04b50, C4<>;
L_0x5fedb3c04ee0 .reduce/or L_0x5fedb3c1a510;
L_0x5fedb3c05090 .part o0x7958e9e80648, 31, 1;
L_0x5fedb3c05190 .part o0x7958e9e868b8, 31, 1;
L_0x5fedb3c05340 .part o0x7958e9e80648, 31, 1;
L_0x5fedb3c054e0 .functor MUXZ 1, L_0x5fedb3c1c460, L_0x5fedb3c05340, L_0x5fedb3c05230, C4<>;
L_0x5fedb3c056c0 .part o0x7958e9e872d8, 0, 7;
L_0x5fedb3c057e0 .cmp/eq 7, L_0x5fedb3c056c0, L_0x7958e9e370f0;
L_0x5fedb3c05920 .part o0x7958e9e872d8, 30, 1;
L_0x5fedb3c05a50 .part o0x7958e9e872d8, 14, 1;
L_0x5fedb3c05b70 .part o0x7958e9e872d8, 13, 1;
L_0x5fedb3c060a0 .part o0x7958e9e872d8, 0, 7;
L_0x5fedb3c06190 .cmp/eq 7, L_0x5fedb3c060a0, L_0x7958e9e37138;
L_0x5fedb3c1f370 .cmp/eq 3, L_0x5fedb3c04540, L_0x7958e9e37180;
L_0x5fedb3c1f4b0 .functor MUXZ 32, o0x7958e9e80648, L_0x5fedb3c1e970, L_0x5fedb3c1f370, C4<>;
L_0x5fedb3c1f660 .part o0x7958e9e872d8, 30, 1;
L_0x5fedb3c1f700 .part o0x7958e9e80648, 31, 1;
L_0x5fedb3c1f970 .concat [ 32 1 0 0], L_0x5fedb3c1f4b0, L_0x5fedb3c1cd40;
L_0x5fedb3c1fa60 .part o0x7958e9e868b8, 0, 5;
L_0x5fedb3c1fbe0 .shift/rs 33, L_0x5fedb3c1f970, L_0x5fedb3c1fa60;
L_0x5fedb3c1fd20 .part L_0x5fedb3c1fbe0, 0, 32;
L_0x5fedb3c22700 .part L_0x5fedb3c04540, 0, 1;
S_0x5fedb3be6450 .scope module, "fl0" "flip32" 2 26, 2 96 0, S_0x5fedb3ba9d10;
 .timescale 0 0;
    .port_info 0 /INPUT 32 "x";
    .port_info 1 /OUTPUT 32 "out";
v0x5fedb3ba96b0_0 .net *"_ivl_1", 0 0, L_0x5fedb3c1c4d0;  1 drivers
v0x5fedb3bdf7d0_0 .net *"_ivl_11", 0 0, L_0x5fedb3c1c7f0;  1 drivers
v0x5fedb3bdf8b0_0 .net *"_ivl_13", 0 0, L_0x5fedb3c1c8d0;  1 drivers
v0x5fedb3bdc3e0_0 .net *"_ivl_15", 0 0, L_0x5fedb3c1c970;  1 drivers
v0x5fedb3bdc4c0_0 .net *"_ivl_17", 0 0, L_0x5fedb3c1ca60;  1 drivers
v0x5fedb3be9a30_0 .net *"_ivl_19", 0 0, L_0x5fedb3c1cb00;  1 drivers
v0x5fedb3be8eb0_0 .net *"_ivl_21", 0 0, L_0x5fedb3c1cc00;  1 drivers
v0x5fedb3be8f90_0 .net *"_ivl_23", 0 0, L_0x5fedb3c1cca0;  1 drivers
v0x5fedb3be7b90_0 .net *"_ivl_25", 0 0, L_0x5fedb3c1cdb0;  1 drivers
v0x5fedb3be7c70_0 .net *"_ivl_27", 0 0, L_0x5fedb3c1ce50;  1 drivers
v0x5fedb3bca9b0_0 .net *"_ivl_29", 0 0, L_0x5fedb3c1cf70;  1 drivers
v0x5fedb3bcaa90_0 .net *"_ivl_3", 0 0, L_0x5fedb3c1c570;  1 drivers
v0x5fedb3b68d40_0 .net *"_ivl_31", 0 0, L_0x5fedb3c1d010;  1 drivers
v0x5fedb3b68e00_0 .net *"_ivl_33", 0 0, L_0x5fedb3c1d140;  1 drivers
v0x5fedb3b64fa0_0 .net *"_ivl_35", 0 0, L_0x5fedb3c1d1e0;  1 drivers
v0x5fedb3b65080_0 .net *"_ivl_37", 0 0, L_0x5fedb3c1d320;  1 drivers
v0x5fedb3b639d0_0 .net *"_ivl_39", 0 0, L_0x5fedb3c1d3c0;  1 drivers
v0x5fedb3b63a70_0 .net *"_ivl_41", 0 0, L_0x5fedb3c1d280;  1 drivers
v0x5fedb3bc20e0_0 .net *"_ivl_43", 0 0, L_0x5fedb3c1d510;  1 drivers
v0x5fedb3bc21c0_0 .net *"_ivl_45", 0 0, L_0x5fedb3c1d670;  1 drivers
v0x5fedb3bbf3a0_0 .net *"_ivl_47", 0 0, L_0x5fedb3c1d710;  1 drivers
v0x5fedb3bbf480_0 .net *"_ivl_49", 0 0, L_0x5fedb3c1d880;  1 drivers
v0x5fedb3bbc660_0 .net *"_ivl_5", 0 0, L_0x5fedb3c1c610;  1 drivers
v0x5fedb3bbc740_0 .net *"_ivl_51", 0 0, L_0x5fedb3c1d920;  1 drivers
v0x5fedb3bb9940_0 .net *"_ivl_53", 0 0, L_0x5fedb3c1daa0;  1 drivers
v0x5fedb3bb9a20_0 .net *"_ivl_55", 0 0, L_0x5fedb3c1e350;  1 drivers
v0x5fedb3bb6c20_0 .net *"_ivl_57", 0 0, L_0x5fedb3c1e4e0;  1 drivers
v0x5fedb3bb3ea0_0 .net *"_ivl_59", 0 0, L_0x5fedb3c1e580;  1 drivers
v0x5fedb3bb3f80_0 .net *"_ivl_61", 0 0, L_0x5fedb3c1e720;  1 drivers
v0x5fedb3bb1160_0 .net *"_ivl_63", 0 0, L_0x5fedb3c1e7c0;  1 drivers
v0x5fedb3bb1240_0 .net *"_ivl_7", 0 0, L_0x5fedb3c1c6b0;  1 drivers
v0x5fedb3bae420_0 .net *"_ivl_9", 0 0, L_0x5fedb3c1c750;  1 drivers
v0x5fedb3bae500_0 .net "out", 31 0, L_0x5fedb3c1e970;  alias, 1 drivers
v0x5fedb3b7f3f0_0 .net "x", 31 0, o0x7958e9e80648;  alias, 0 drivers
L_0x5fedb3c1c4d0 .part o0x7958e9e80648, 0, 1;
L_0x5fedb3c1c570 .part o0x7958e9e80648, 1, 1;
L_0x5fedb3c1c610 .part o0x7958e9e80648, 2, 1;
L_0x5fedb3c1c6b0 .part o0x7958e9e80648, 3, 1;
L_0x5fedb3c1c750 .part o0x7958e9e80648, 4, 1;
L_0x5fedb3c1c7f0 .part o0x7958e9e80648, 5, 1;
L_0x5fedb3c1c8d0 .part o0x7958e9e80648, 6, 1;
L_0x5fedb3c1c970 .part o0x7958e9e80648, 7, 1;
L_0x5fedb3c1ca60 .part o0x7958e9e80648, 8, 1;
L_0x5fedb3c1cb00 .part o0x7958e9e80648, 9, 1;
L_0x5fedb3c1cc00 .part o0x7958e9e80648, 10, 1;
L_0x5fedb3c1cca0 .part o0x7958e9e80648, 11, 1;
L_0x5fedb3c1cdb0 .part o0x7958e9e80648, 12, 1;
L_0x5fedb3c1ce50 .part o0x7958e9e80648, 13, 1;
L_0x5fedb3c1cf70 .part o0x7958e9e80648, 14, 1;
L_0x5fedb3c1d010 .part o0x7958e9e80648, 15, 1;
L_0x5fedb3c1d140 .part o0x7958e9e80648, 16, 1;
L_0x5fedb3c1d1e0 .part o0x7958e9e80648, 17, 1;
L_0x5fedb3c1d320 .part o0x7958e9e80648, 18, 1;
L_0x5fedb3c1d3c0 .part o0x7958e9e80648, 19, 1;
L_0x5fedb3c1d280 .part o0x7958e9e80648, 20, 1;
L_0x5fedb3c1d510 .part o0x7958e9e80648, 21, 1;
L_0x5fedb3c1d670 .part o0x7958e9e80648, 22, 1;
L_0x5fedb3c1d710 .part o0x7958e9e80648, 23, 1;
L_0x5fedb3c1d880 .part o0x7958e9e80648, 24, 1;
L_0x5fedb3c1d920 .part o0x7958e9e80648, 25, 1;
L_0x5fedb3c1daa0 .part o0x7958e9e80648, 26, 1;
L_0x5fedb3c1e350 .part o0x7958e9e80648, 27, 1;
L_0x5fedb3c1e4e0 .part o0x7958e9e80648, 28, 1;
L_0x5fedb3c1e580 .part o0x7958e9e80648, 29, 1;
L_0x5fedb3c1e720 .part o0x7958e9e80648, 30, 1;
L_0x5fedb3c1e7c0 .part o0x7958e9e80648, 31, 1;
LS_0x5fedb3c1e970_0_0 .concat [ 1 1 1 1], L_0x5fedb3c1e7c0, L_0x5fedb3c1e720, L_0x5fedb3c1e580, L_0x5fedb3c1e4e0;
LS_0x5fedb3c1e970_0_4 .concat [ 1 1 1 1], L_0x5fedb3c1e350, L_0x5fedb3c1daa0, L_0x5fedb3c1d920, L_0x5fedb3c1d880;
LS_0x5fedb3c1e970_0_8 .concat [ 1 1 1 1], L_0x5fedb3c1d710, L_0x5fedb3c1d670, L_0x5fedb3c1d510, L_0x5fedb3c1d280;
LS_0x5fedb3c1e970_0_12 .concat [ 1 1 1 1], L_0x5fedb3c1d3c0, L_0x5fedb3c1d320, L_0x5fedb3c1d1e0, L_0x5fedb3c1d140;
LS_0x5fedb3c1e970_0_16 .concat [ 1 1 1 1], L_0x5fedb3c1d010, L_0x5fedb3c1cf70, L_0x5fedb3c1ce50, L_0x5fedb3c1cdb0;
LS_0x5fedb3c1e970_0_20 .concat [ 1 1 1 1], L_0x5fedb3c1cca0, L_0x5fedb3c1cc00, L_0x5fedb3c1cb00, L_0x5fedb3c1ca60;
LS_0x5fedb3c1e970_0_24 .concat [ 1 1 1 1], L_0x5fedb3c1c970, L_0x5fedb3c1c8d0, L_0x5fedb3c1c7f0, L_0x5fedb3c1c750;
LS_0x5fedb3c1e970_0_28 .concat [ 1 1 1 1], L_0x5fedb3c1c6b0, L_0x5fedb3c1c610, L_0x5fedb3c1c570, L_0x5fedb3c1c4d0;
LS_0x5fedb3c1e970_1_0 .concat [ 4 4 4 4], LS_0x5fedb3c1e970_0_0, LS_0x5fedb3c1e970_0_4, LS_0x5fedb3c1e970_0_8, LS_0x5fedb3c1e970_0_12;
LS_0x5fedb3c1e970_1_4 .concat [ 4 4 4 4], LS_0x5fedb3c1e970_0_16, LS_0x5fedb3c1e970_0_20, LS_0x5fedb3c1e970_0_24, LS_0x5fedb3c1e970_0_28;
L_0x5fedb3c1e970 .concat [ 16 16 0 0], LS_0x5fedb3c1e970_1_0, LS_0x5fedb3c1e970_1_4;
S_0x5fedb3bab6e0 .scope module, "fl1" "flip32" 2 35, 2 96 0, S_0x5fedb3ba9d10;
 .timescale 0 0;
    .port_info 0 /INPUT 32 "x";
    .port_info 1 /OUTPUT 32 "out";
v0x5fedb3ba89a0_0 .net *"_ivl_1", 0 0, L_0x5fedb3c1ff50;  1 drivers
v0x5fedb3ba8aa0_0 .net *"_ivl_11", 0 0, L_0x5fedb3c20270;  1 drivers
v0x5fedb3ba5ca0_0 .net *"_ivl_13", 0 0, L_0x5fedb3c20420;  1 drivers
v0x5fedb3ba5d60_0 .net *"_ivl_15", 0 0, L_0x5fedb3c204c0;  1 drivers
v0x5fedb3ba2f60_0 .net *"_ivl_17", 0 0, L_0x5fedb3c205b0;  1 drivers
v0x5fedb3ba01e0_0 .net *"_ivl_19", 0 0, L_0x5fedb3c20650;  1 drivers
v0x5fedb3ba02c0_0 .net *"_ivl_21", 0 0, L_0x5fedb3c20750;  1 drivers
v0x5fedb3b9d4a0_0 .net *"_ivl_23", 0 0, L_0x5fedb3c207f0;  1 drivers
v0x5fedb3b9d580_0 .net *"_ivl_25", 0 0, L_0x5fedb3c20900;  1 drivers
v0x5fedb3b9a760_0 .net *"_ivl_27", 0 0, L_0x5fedb3c209a0;  1 drivers
v0x5fedb3b9a840_0 .net *"_ivl_29", 0 0, L_0x5fedb3c20ac0;  1 drivers
v0x5fedb3b97a20_0 .net *"_ivl_3", 0 0, L_0x5fedb3c1fff0;  1 drivers
v0x5fedb3b97ae0_0 .net *"_ivl_31", 0 0, L_0x5fedb3c20b60;  1 drivers
v0x5fedb3b94ce0_0 .net *"_ivl_33", 0 0, L_0x5fedb3c20c90;  1 drivers
v0x5fedb3b94dc0_0 .net *"_ivl_35", 0 0, L_0x5fedb3c20d30;  1 drivers
v0x5fedb3b91fc0_0 .net *"_ivl_37", 0 0, L_0x5fedb3c20e70;  1 drivers
v0x5fedb3b920a0_0 .net *"_ivl_39", 0 0, L_0x5fedb3c20f10;  1 drivers
v0x5fedb3b8f2a0_0 .net *"_ivl_41", 0 0, L_0x5fedb3c20dd0;  1 drivers
v0x5fedb3b8c520_0 .net *"_ivl_43", 0 0, L_0x5fedb3c21060;  1 drivers
v0x5fedb3b8c600_0 .net *"_ivl_45", 0 0, L_0x5fedb3c211c0;  1 drivers
v0x5fedb3b897e0_0 .net *"_ivl_47", 0 0, L_0x5fedb3c21260;  1 drivers
v0x5fedb3b898c0_0 .net *"_ivl_49", 0 0, L_0x5fedb3c213d0;  1 drivers
v0x5fedb3b86aa0_0 .net *"_ivl_5", 0 0, L_0x5fedb3c20090;  1 drivers
v0x5fedb3b86b80_0 .net *"_ivl_51", 0 0, L_0x5fedb3c21470;  1 drivers
v0x5fedb3b83d60_0 .net *"_ivl_53", 0 0, L_0x5fedb3c215f0;  1 drivers
v0x5fedb3b83e20_0 .net *"_ivl_55", 0 0, L_0x5fedb3c21690;  1 drivers
v0x5fedb3b81020_0 .net *"_ivl_57", 0 0, L_0x5fedb3c21820;  1 drivers
v0x5fedb3b81100_0 .net *"_ivl_59", 0 0, L_0x5fedb3c218c0;  1 drivers
v0x5fedb3b7e300_0 .net *"_ivl_61", 0 0, L_0x5fedb3c21a60;  1 drivers
v0x5fedb3b7e3e0_0 .net *"_ivl_63", 0 0, L_0x5fedb3c21b00;  1 drivers
v0x5fedb3b7b5e0_0 .net *"_ivl_7", 0 0, L_0x5fedb3c20130;  1 drivers
v0x5fedb3b78860_0 .net *"_ivl_9", 0 0, L_0x5fedb3c201d0;  1 drivers
v0x5fedb3b78940_0 .net "out", 31 0, L_0x5fedb3c21cb0;  alias, 1 drivers
v0x5fedb3b7c6b0_0 .net "x", 31 0, L_0x5fedb3c1fd20;  alias, 1 drivers
L_0x5fedb3c1ff50 .part L_0x5fedb3c1fd20, 0, 1;
L_0x5fedb3c1fff0 .part L_0x5fedb3c1fd20, 1, 1;
L_0x5fedb3c20090 .part L_0x5fedb3c1fd20, 2, 1;
L_0x5fedb3c20130 .part L_0x5fedb3c1fd20, 3, 1;
L_0x5fedb3c201d0 .part L_0x5fedb3c1fd20, 4, 1;
L_0x5fedb3c20270 .part L_0x5fedb3c1fd20, 5, 1;
L_0x5fedb3c20420 .part L_0x5fedb3c1fd20, 6, 1;
L_0x5fedb3c204c0 .part L_0x5fedb3c1fd20, 7, 1;
L_0x5fedb3c205b0 .part L_0x5fedb3c1fd20, 8, 1;
L_0x5fedb3c20650 .part L_0x5fedb3c1fd20, 9, 1;
L_0x5fedb3c20750 .part L_0x5fedb3c1fd20, 10, 1;
L_0x5fedb3c207f0 .part L_0x5fedb3c1fd20, 11, 1;
L_0x5fedb3c20900 .part L_0x5fedb3c1fd20, 12, 1;
L_0x5fedb3c209a0 .part L_0x5fedb3c1fd20, 13, 1;
L_0x5fedb3c20ac0 .part L_0x5fedb3c1fd20, 14, 1;
L_0x5fedb3c20b60 .part L_0x5fedb3c1fd20, 15, 1;
L_0x5fedb3c20c90 .part L_0x5fedb3c1fd20, 16, 1;
L_0x5fedb3c20d30 .part L_0x5fedb3c1fd20, 17, 1;
L_0x5fedb3c20e70 .part L_0x5fedb3c1fd20, 18, 1;
L_0x5fedb3c20f10 .part L_0x5fedb3c1fd20, 19, 1;
L_0x5fedb3c20dd0 .part L_0x5fedb3c1fd20, 20, 1;
L_0x5fedb3c21060 .part L_0x5fedb3c1fd20, 21, 1;
L_0x5fedb3c211c0 .part L_0x5fedb3c1fd20, 22, 1;
L_0x5fedb3c21260 .part L_0x5fedb3c1fd20, 23, 1;
L_0x5fedb3c213d0 .part L_0x5fedb3c1fd20, 24, 1;
L_0x5fedb3c21470 .part L_0x5fedb3c1fd20, 25, 1;
L_0x5fedb3c215f0 .part L_0x5fedb3c1fd20, 26, 1;
L_0x5fedb3c21690 .part L_0x5fedb3c1fd20, 27, 1;
L_0x5fedb3c21820 .part L_0x5fedb3c1fd20, 28, 1;
L_0x5fedb3c218c0 .part L_0x5fedb3c1fd20, 29, 1;
L_0x5fedb3c21a60 .part L_0x5fedb3c1fd20, 30, 1;
L_0x5fedb3c21b00 .part L_0x5fedb3c1fd20, 31, 1;
LS_0x5fedb3c21cb0_0_0 .concat [ 1 1 1 1], L_0x5fedb3c21b00, L_0x5fedb3c21a60, L_0x5fedb3c218c0, L_0x5fedb3c21820;
LS_0x5fedb3c21cb0_0_4 .concat [ 1 1 1 1], L_0x5fedb3c21690, L_0x5fedb3c215f0, L_0x5fedb3c21470, L_0x5fedb3c213d0;
LS_0x5fedb3c21cb0_0_8 .concat [ 1 1 1 1], L_0x5fedb3c21260, L_0x5fedb3c211c0, L_0x5fedb3c21060, L_0x5fedb3c20dd0;
LS_0x5fedb3c21cb0_0_12 .concat [ 1 1 1 1], L_0x5fedb3c20f10, L_0x5fedb3c20e70, L_0x5fedb3c20d30, L_0x5fedb3c20c90;
LS_0x5fedb3c21cb0_0_16 .concat [ 1 1 1 1], L_0x5fedb3c20b60, L_0x5fedb3c20ac0, L_0x5fedb3c209a0, L_0x5fedb3c20900;
LS_0x5fedb3c21cb0_0_20 .concat [ 1 1 1 1], L_0x5fedb3c207f0, L_0x5fedb3c20750, L_0x5fedb3c20650, L_0x5fedb3c205b0;
LS_0x5fedb3c21cb0_0_24 .concat [ 1 1 1 1], L_0x5fedb3c204c0, L_0x5fedb3c20420, L_0x5fedb3c20270, L_0x5fedb3c201d0;
LS_0x5fedb3c21cb0_0_28 .concat [ 1 1 1 1], L_0x5fedb3c20130, L_0x5fedb3c20090, L_0x5fedb3c1fff0, L_0x5fedb3c1ff50;
LS_0x5fedb3c21cb0_1_0 .concat [ 4 4 4 4], LS_0x5fedb3c21cb0_0_0, LS_0x5fedb3c21cb0_0_4, LS_0x5fedb3c21cb0_0_8, LS_0x5fedb3c21cb0_0_12;
LS_0x5fedb3c21cb0_1_4 .concat [ 4 4 4 4], LS_0x5fedb3c21cb0_0_16, LS_0x5fedb3c21cb0_0_20, LS_0x5fedb3c21cb0_0_24, LS_0x5fedb3c21cb0_0_28;
L_0x5fedb3c21cb0 .concat [ 16 16 0 0], LS_0x5fedb3c21cb0_1_0, LS_0x5fedb3c21cb0_1_4;
S_0x5fedb3b75b20 .scope module, "s0" "add_sub" 2 23, 2 63 0, S_0x5fedb3ba9d10;
 .timescale 0 0;
    .port_info 0 /INPUT 32 "in_a";
    .port_info 1 /INPUT 32 "in_b";
    .port_info 2 /INPUT 1 "op";
    .port_info 3 /OUTPUT 32 "o_xor";
    .port_info 4 /OUTPUT 32 "o_and";
    .port_info 5 /OUTPUT 32 "res";
    .port_info 6 /OUTPUT 1 "cout";
P_0x5fedb3b987a0 .param/l "n" 0 2 65, +C4<00000000000000000000000000100000>;
L_0x5fedb3c1c000 .functor XOR 32, o0x7958e9e868b8, L_0x5fedb3c1b8a0, C4<00000000000000000000000000000000>, C4<00000000000000000000000000000000>;
L_0x5fedb3c1c460 .functor NOT 1, L_0x5fedb3c1c070, C4<0>, C4<0>, C4<0>;
v0x5fedb3bfcea0_0 .net *"_ivl_357", 30 0, L_0x5fedb3c1b380;  1 drivers
v0x5fedb3bfcfa0_0 .net *"_ivl_360", 31 0, L_0x5fedb3c1b8a0;  1 drivers
v0x5fedb3bfd080_0 .net *"_ivl_365", 0 0, L_0x5fedb3c1c070;  1 drivers
v0x5fedb3bfd140_0 .net "cin", 31 0, L_0x5fedb3c1b470;  1 drivers
v0x5fedb3bfd220_0 .net "cout", 0 0, L_0x5fedb3c1c460;  alias, 1 drivers
v0x5fedb3bfd330_0 .net "cout_in", 31 0, L_0x5fedb3c1a5b0;  1 drivers
v0x5fedb3bfd410_0 .net "in_a", 31 0, o0x7958e9e80648;  alias, 0 drivers
v0x5fedb3bfd4d0_0 .net "in_b", 31 0, o0x7958e9e868b8;  alias, 0 drivers
v0x5fedb3bfd590_0 .net "in_b_op", 31 0, L_0x5fedb3c1c000;  1 drivers
v0x5fedb3bfd670_0 .net "o_and", 31 0, L_0x5fedb3c19050;  alias, 1 drivers
v0x5fedb3bfd750_0 .net "o_xor", 31 0, L_0x5fedb3c19140;  alias, 1 drivers
v0x5fedb3bfd830_0 .net "op", 0 0, L_0x5fedb3c06380;  alias, 1 drivers
v0x5fedb3bfd8f0_0 .net "res", 31 0, L_0x5fedb3c1a510;  alias, 1 drivers
L_0x5fedb3c05c10 .part o0x7958e9e80648, 0, 1;
L_0x5fedb3c068f0 .part L_0x5fedb3c1c000, 0, 1;
L_0x5fedb3c06990 .part L_0x5fedb3c1b470, 0, 1;
L_0x5fedb3c06e70 .part o0x7958e9e80648, 1, 1;
L_0x5fedb3c06f40 .part L_0x5fedb3c1c000, 1, 1;
L_0x5fedb3c07030 .part L_0x5fedb3c1b470, 1, 1;
L_0x5fedb3c075a0 .part o0x7958e9e80648, 2, 1;
L_0x5fedb3c07750 .part L_0x5fedb3c1c000, 2, 1;
L_0x5fedb3c07840 .part L_0x5fedb3c1b470, 2, 1;
L_0x5fedb3c07d20 .part o0x7958e9e80648, 3, 1;
L_0x5fedb3c07e20 .part L_0x5fedb3c1c000, 3, 1;
L_0x5fedb3c07ec0 .part L_0x5fedb3c1b470, 3, 1;
L_0x5fedb3c08320 .part o0x7958e9e80648, 4, 1;
L_0x5fedb3c083c0 .part L_0x5fedb3c1c000, 4, 1;
L_0x5fedb3c08460 .part L_0x5fedb3c1b470, 4, 1;
L_0x5fedb3c08900 .part o0x7958e9e80648, 5, 1;
L_0x5fedb3c08a30 .part L_0x5fedb3c1c000, 5, 1;
L_0x5fedb3c08ad0 .part L_0x5fedb3c1b470, 5, 1;
L_0x5fedb3c09080 .part o0x7958e9e80648, 6, 1;
L_0x5fedb3c09120 .part L_0x5fedb3c1c000, 6, 1;
L_0x5fedb3c08b70 .part L_0x5fedb3c1b470, 6, 1;
L_0x5fedb3c09710 .part o0x7958e9e80648, 7, 1;
L_0x5fedb3c09870 .part L_0x5fedb3c1c000, 7, 1;
L_0x5fedb3c09a20 .part L_0x5fedb3c1b470, 7, 1;
L_0x5fedb3c0a0c0 .part o0x7958e9e80648, 8, 1;
L_0x5fedb3c0a160 .part L_0x5fedb3c1c000, 8, 1;
L_0x5fedb3c0a2e0 .part L_0x5fedb3c1b470, 8, 1;
L_0x5fedb3c0a820 .part o0x7958e9e80648, 9, 1;
L_0x5fedb3c0a9b0 .part L_0x5fedb3c1c000, 9, 1;
L_0x5fedb3c0aa50 .part L_0x5fedb3c1b470, 9, 1;
L_0x5fedb3c0b090 .part o0x7958e9e80648, 10, 1;
L_0x5fedb3c0b340 .part L_0x5fedb3c1c000, 10, 1;
L_0x5fedb3c0b4f0 .part L_0x5fedb3c1b470, 10, 1;
L_0x5fedb3c0ba30 .part o0x7958e9e80648, 11, 1;
L_0x5fedb3c0bbf0 .part L_0x5fedb3c1c000, 11, 1;
L_0x5fedb3c0bc90 .part L_0x5fedb3c1b470, 11, 1;
L_0x5fedb3c0c1f0 .part o0x7958e9e80648, 12, 1;
L_0x5fedb3c0c290 .part L_0x5fedb3c1c000, 12, 1;
L_0x5fedb3c0c470 .part L_0x5fedb3c1b470, 12, 1;
L_0x5fedb3c0c9b0 .part o0x7958e9e80648, 13, 1;
L_0x5fedb3c0cba0 .part L_0x5fedb3c1c000, 13, 1;
L_0x5fedb3c0cc40 .part L_0x5fedb3c1b470, 13, 1;
L_0x5fedb3c0d2e0 .part o0x7958e9e80648, 14, 1;
L_0x5fedb3c0d380 .part L_0x5fedb3c1c000, 14, 1;
L_0x5fedb3c0d590 .part L_0x5fedb3c1b470, 14, 1;
L_0x5fedb3c0dad0 .part o0x7958e9e80648, 15, 1;
L_0x5fedb3c0dcf0 .part L_0x5fedb3c1c000, 15, 1;
L_0x5fedb3c0dfa0 .part L_0x5fedb3c1b470, 15, 1;
L_0x5fedb3c0e880 .part o0x7958e9e80648, 16, 1;
L_0x5fedb3c0e920 .part L_0x5fedb3c1c000, 16, 1;
L_0x5fedb3c0eb60 .part L_0x5fedb3c1b470, 16, 1;
L_0x5fedb3c0f0a0 .part o0x7958e9e80648, 17, 1;
L_0x5fedb3c0f2f0 .part L_0x5fedb3c1c000, 17, 1;
L_0x5fedb3c0f390 .part L_0x5fedb3c1b470, 17, 1;
L_0x5fedb3c0fa90 .part o0x7958e9e80648, 18, 1;
L_0x5fedb3c0fb30 .part L_0x5fedb3c1c000, 18, 1;
L_0x5fedb3c0fda0 .part L_0x5fedb3c1b470, 18, 1;
L_0x5fedb3c102e0 .part o0x7958e9e80648, 19, 1;
L_0x5fedb3c10560 .part L_0x5fedb3c1c000, 19, 1;
L_0x5fedb3c10600 .part L_0x5fedb3c1b470, 19, 1;
L_0x5fedb3c10d30 .part o0x7958e9e80648, 20, 1;
L_0x5fedb3c10dd0 .part L_0x5fedb3c1c000, 20, 1;
L_0x5fedb3c11070 .part L_0x5fedb3c1b470, 20, 1;
L_0x5fedb3c115b0 .part o0x7958e9e80648, 21, 1;
L_0x5fedb3c11860 .part L_0x5fedb3c1c000, 21, 1;
L_0x5fedb3c11900 .part L_0x5fedb3c1b470, 21, 1;
L_0x5fedb3c12060 .part o0x7958e9e80648, 22, 1;
L_0x5fedb3c12100 .part L_0x5fedb3c1c000, 22, 1;
L_0x5fedb3c123d0 .part L_0x5fedb3c1b470, 22, 1;
L_0x5fedb3c12910 .part o0x7958e9e80648, 23, 1;
L_0x5fedb3c12bf0 .part L_0x5fedb3c1c000, 23, 1;
L_0x5fedb3c12c90 .part L_0x5fedb3c1b470, 23, 1;
L_0x5fedb3c13420 .part o0x7958e9e80648, 24, 1;
L_0x5fedb3c134c0 .part L_0x5fedb3c1c000, 24, 1;
L_0x5fedb3c137c0 .part L_0x5fedb3c1b470, 24, 1;
L_0x5fedb3c13d00 .part o0x7958e9e80648, 25, 1;
L_0x5fedb3c14010 .part L_0x5fedb3c1c000, 25, 1;
L_0x5fedb3c140b0 .part L_0x5fedb3c1b470, 25, 1;
L_0x5fedb3c14870 .part o0x7958e9e80648, 26, 1;
L_0x5fedb3c14d20 .part L_0x5fedb3c1c000, 26, 1;
L_0x5fedb3c15050 .part L_0x5fedb3c1b470, 26, 1;
L_0x5fedb3c15590 .part o0x7958e9e80648, 27, 1;
L_0x5fedb3c158d0 .part L_0x5fedb3c1c000, 27, 1;
L_0x5fedb3c15970 .part L_0x5fedb3c1b470, 27, 1;
L_0x5fedb3c16160 .part o0x7958e9e80648, 28, 1;
L_0x5fedb3c16200 .part L_0x5fedb3c1c000, 28, 1;
L_0x5fedb3c16560 .part L_0x5fedb3c1b470, 28, 1;
L_0x5fedb3c16aa0 .part o0x7958e9e80648, 29, 1;
L_0x5fedb3c16e10 .part L_0x5fedb3c1c000, 29, 1;
L_0x5fedb3c16eb0 .part L_0x5fedb3c1b470, 29, 1;
L_0x5fedb3c176d0 .part o0x7958e9e80648, 30, 1;
L_0x5fedb3c17770 .part L_0x5fedb3c1c000, 30, 1;
L_0x5fedb3c17b00 .part L_0x5fedb3c1b470, 30, 1;
L_0x5fedb3c18040 .part o0x7958e9e80648, 31, 1;
L_0x5fedb3c183e0 .part L_0x5fedb3c1c000, 31, 1;
L_0x5fedb3c18890 .part L_0x5fedb3c1b470, 31, 1;
LS_0x5fedb3c19050_0_0 .concat8 [ 1 1 1 1], L_0x5fedb3c064e0, L_0x5fedb3c06a30, L_0x5fedb3c07160, L_0x5fedb3c078e0;
LS_0x5fedb3c19050_0_4 .concat8 [ 1 1 1 1], L_0x5fedb3c07fd0, L_0x5fedb3c07f60, L_0x5fedb3c08c10, L_0x5fedb3c09270;
LS_0x5fedb3c19050_0_8 .concat8 [ 1 1 1 1], L_0x5fedb3c09ca0, L_0x5fedb3c0a380, L_0x5fedb3c0abf0, L_0x5fedb3c0b590;
LS_0x5fedb3c19050_0_12 .concat8 [ 1 1 1 1], L_0x5fedb3c0bad0, L_0x5fedb3c0c510, L_0x5fedb3c0ce40, L_0x5fedb3c0d630;
LS_0x5fedb3c19050_0_16 .concat8 [ 1 1 1 1], L_0x5fedb3c0e3e0, L_0x5fedb3c0ec00, L_0x5fedb3c0f5f0, L_0x5fedb3c0fe40;
LS_0x5fedb3c19050_0_20 .concat8 [ 1 1 1 1], L_0x5fedb3c10890, L_0x5fedb3c11110, L_0x5fedb3c11bc0, L_0x5fedb3c12470;
LS_0x5fedb3c19050_0_24 .concat8 [ 1 1 1 1], L_0x5fedb3c12f80, L_0x5fedb3c13860, L_0x5fedb3c143d0, L_0x5fedb3c150f0;
LS_0x5fedb3c19050_0_28 .concat8 [ 1 1 1 1], L_0x5fedb3c15cc0, L_0x5fedb3c16600, L_0x5fedb3c17230, L_0x5fedb3c17ba0;
LS_0x5fedb3c19050_1_0 .concat8 [ 4 4 4 4], LS_0x5fedb3c19050_0_0, LS_0x5fedb3c19050_0_4, LS_0x5fedb3c19050_0_8, LS_0x5fedb3c19050_0_12;
LS_0x5fedb3c19050_1_4 .concat8 [ 4 4 4 4], LS_0x5fedb3c19050_0_16, LS_0x5fedb3c19050_0_20, LS_0x5fedb3c19050_0_24, LS_0x5fedb3c19050_0_28;
L_0x5fedb3c19050 .concat8 [ 16 16 0 0], LS_0x5fedb3c19050_1_0, LS_0x5fedb3c19050_1_4;
LS_0x5fedb3c19140_0_0 .concat8 [ 1 1 1 1], L_0x5fedb3c06550, L_0x5fedb3c06aa0, L_0x5fedb3c071d0, L_0x5fedb3c07950;
LS_0x5fedb3c19140_0_4 .concat8 [ 1 1 1 1], L_0x5fedb3c08040, L_0x5fedb3c08500, L_0x5fedb3c08c80, L_0x5fedb3c09310;
LS_0x5fedb3c19140_0_8 .concat8 [ 1 1 1 1], L_0x5fedb3c09d40, L_0x5fedb3c0a3f0, L_0x5fedb3c0ac90, L_0x5fedb3c0b630;
LS_0x5fedb3c19140_0_12 .concat8 [ 1 1 1 1], L_0x5fedb3c0bb70, L_0x5fedb3c0c5b0, L_0x5fedb3c0cee0, L_0x5fedb3c0d6d0;
LS_0x5fedb3c19140_0_16 .concat8 [ 1 1 1 1], L_0x5fedb3c0e480, L_0x5fedb3c0eca0, L_0x5fedb3c0f690, L_0x5fedb3c0fee0;
LS_0x5fedb3c19140_0_20 .concat8 [ 1 1 1 1], L_0x5fedb3c10930, L_0x5fedb3c111b0, L_0x5fedb3c11c60, L_0x5fedb3c12510;
LS_0x5fedb3c19140_0_24 .concat8 [ 1 1 1 1], L_0x5fedb3c13020, L_0x5fedb3c13900, L_0x5fedb3c14470, L_0x5fedb3c15190;
LS_0x5fedb3c19140_0_28 .concat8 [ 1 1 1 1], L_0x5fedb3c15d60, L_0x5fedb3c166a0, L_0x5fedb3c172d0, L_0x5fedb3c17c40;
LS_0x5fedb3c19140_1_0 .concat8 [ 4 4 4 4], LS_0x5fedb3c19140_0_0, LS_0x5fedb3c19140_0_4, LS_0x5fedb3c19140_0_8, LS_0x5fedb3c19140_0_12;
LS_0x5fedb3c19140_1_4 .concat8 [ 4 4 4 4], LS_0x5fedb3c19140_0_16, LS_0x5fedb3c19140_0_20, LS_0x5fedb3c19140_0_24, LS_0x5fedb3c19140_0_28;
L_0x5fedb3c19140 .concat8 [ 16 16 0 0], LS_0x5fedb3c19140_1_0, LS_0x5fedb3c19140_1_4;
LS_0x5fedb3c1a510_0_0 .concat8 [ 1 1 1 1], L_0x5fedb3c06660, L_0x5fedb3c06bb0, L_0x5fedb3c072e0, L_0x5fedb3c07a60;
LS_0x5fedb3c1a510_0_4 .concat8 [ 1 1 1 1], L_0x5fedb3c080b0, L_0x5fedb3c08640, L_0x5fedb3c08dc0, L_0x5fedb3c09450;
LS_0x5fedb3c1a510_0_8 .concat8 [ 1 1 1 1], L_0x5fedb3c09e80, L_0x5fedb3c0a530, L_0x5fedb3c0add0, L_0x5fedb3c0b770;
LS_0x5fedb3c1a510_0_12 .concat8 [ 1 1 1 1], L_0x5fedb3c0bf30, L_0x5fedb3c0c6f0, L_0x5fedb3c0d020, L_0x5fedb3c0d810;
LS_0x5fedb3c1a510_0_16 .concat8 [ 1 1 1 1], L_0x5fedb3c0e5c0, L_0x5fedb3c0ede0, L_0x5fedb3c0f7d0, L_0x5fedb3c10020;
LS_0x5fedb3c1a510_0_20 .concat8 [ 1 1 1 1], L_0x5fedb3c10a70, L_0x5fedb3c112f0, L_0x5fedb3c11da0, L_0x5fedb3c12650;
LS_0x5fedb3c1a510_0_24 .concat8 [ 1 1 1 1], L_0x5fedb3c13160, L_0x5fedb3c13a40, L_0x5fedb3c145b0, L_0x5fedb3c152d0;
LS_0x5fedb3c1a510_0_28 .concat8 [ 1 1 1 1], L_0x5fedb3c15ea0, L_0x5fedb3c167e0, L_0x5fedb3c17410, L_0x5fedb3c17d80;
LS_0x5fedb3c1a510_1_0 .concat8 [ 4 4 4 4], LS_0x5fedb3c1a510_0_0, LS_0x5fedb3c1a510_0_4, LS_0x5fedb3c1a510_0_8, LS_0x5fedb3c1a510_0_12;
LS_0x5fedb3c1a510_1_4 .concat8 [ 4 4 4 4], LS_0x5fedb3c1a510_0_16, LS_0x5fedb3c1a510_0_20, LS_0x5fedb3c1a510_0_24, LS_0x5fedb3c1a510_0_28;
L_0x5fedb3c1a510 .concat8 [ 16 16 0 0], LS_0x5fedb3c1a510_1_0, LS_0x5fedb3c1a510_1_4;
LS_0x5fedb3c1a5b0_0_0 .concat8 [ 1 1 1 1], L_0x5fedb3c067e0, L_0x5fedb3c06d60, L_0x5fedb3c07490, L_0x5fedb3c07c10;
LS_0x5fedb3c1a5b0_0_4 .concat8 [ 1 1 1 1], L_0x5fedb3c08210, L_0x5fedb3c087f0, L_0x5fedb3c08f70, L_0x5fedb3c09600;
LS_0x5fedb3c1a5b0_0_8 .concat8 [ 1 1 1 1], L_0x5fedb3c09fb0, L_0x5fedb3c0a710, L_0x5fedb3c0af80, L_0x5fedb3c0b920;
LS_0x5fedb3c1a5b0_0_12 .concat8 [ 1 1 1 1], L_0x5fedb3c0c0e0, L_0x5fedb3c0c8a0, L_0x5fedb3c0d1d0, L_0x5fedb3c0d9c0;
LS_0x5fedb3c1a5b0_0_16 .concat8 [ 1 1 1 1], L_0x5fedb3c0e770, L_0x5fedb3c0ef90, L_0x5fedb3c0f980, L_0x5fedb3c101d0;
LS_0x5fedb3c1a5b0_0_20 .concat8 [ 1 1 1 1], L_0x5fedb3c10c20, L_0x5fedb3c114a0, L_0x5fedb3c11f50, L_0x5fedb3c12800;
LS_0x5fedb3c1a5b0_0_24 .concat8 [ 1 1 1 1], L_0x5fedb3c13310, L_0x5fedb3c13bf0, L_0x5fedb3c14760, L_0x5fedb3c15480;
LS_0x5fedb3c1a5b0_0_28 .concat8 [ 1 1 1 1], L_0x5fedb3c16050, L_0x5fedb3c16990, L_0x5fedb3c175c0, L_0x5fedb3c17f30;
LS_0x5fedb3c1a5b0_1_0 .concat8 [ 4 4 4 4], LS_0x5fedb3c1a5b0_0_0, LS_0x5fedb3c1a5b0_0_4, LS_0x5fedb3c1a5b0_0_8, LS_0x5fedb3c1a5b0_0_12;
LS_0x5fedb3c1a5b0_1_4 .concat8 [ 4 4 4 4], LS_0x5fedb3c1a5b0_0_16, LS_0x5fedb3c1a5b0_0_20, LS_0x5fedb3c1a5b0_0_24, LS_0x5fedb3c1a5b0_0_28;
L_0x5fedb3c1a5b0 .concat8 [ 16 16 0 0], LS_0x5fedb3c1a5b0_1_0, LS_0x5fedb3c1a5b0_1_4;
L_0x5fedb3c1b380 .part L_0x5fedb3c1a5b0, 0, 31;
L_0x5fedb3c1b470 .concat [ 1 31 0 0], L_0x5fedb3c06380, L_0x5fedb3c1b380;
LS_0x5fedb3c1b8a0_0_0 .concat [ 1 1 1 1], L_0x5fedb3c06380, L_0x5fedb3c06380, L_0x5fedb3c06380, L_0x5fedb3c06380;
LS_0x5fedb3c1b8a0_0_4 .concat [ 1 1 1 1], L_0x5fedb3c06380, L_0x5fedb3c06380, L_0x5fedb3c06380, L_0x5fedb3c06380;
LS_0x5fedb3c1b8a0_0_8 .concat [ 1 1 1 1], L_0x5fedb3c06380, L_0x5fedb3c06380, L_0x5fedb3c06380, L_0x5fedb3c06380;
LS_0x5fedb3c1b8a0_0_12 .concat [ 1 1 1 1], L_0x5fedb3c06380, L_0x5fedb3c06380, L_0x5fedb3c06380, L_0x5fedb3c06380;
LS_0x5fedb3c1b8a0_0_16 .concat [ 1 1 1 1], L_0x5fedb3c06380, L_0x5fedb3c06380, L_0x5fedb3c06380, L_0x5fedb3c06380;
LS_0x5fedb3c1b8a0_0_20 .concat [ 1 1 1 1], L_0x5fedb3c06380, L_0x5fedb3c06380, L_0x5fedb3c06380, L_0x5fedb3c06380;
LS_0x5fedb3c1b8a0_0_24 .concat [ 1 1 1 1], L_0x5fedb3c06380, L_0x5fedb3c06380, L_0x5fedb3c06380, L_0x5fedb3c06380;
LS_0x5fedb3c1b8a0_0_28 .concat [ 1 1 1 1], L_0x5fedb3c06380, L_0x5fedb3c06380, L_0x5fedb3c06380, L_0x5fedb3c06380;
LS_0x5fedb3c1b8a0_1_0 .concat [ 4 4 4 4], LS_0x5fedb3c1b8a0_0_0, LS_0x5fedb3c1b8a0_0_4, LS_0x5fedb3c1b8a0_0_8, LS_0x5fedb3c1b8a0_0_12;
LS_0x5fedb3c1b8a0_1_4 .concat [ 4 4 4 4], LS_0x5fedb3c1b8a0_0_16, LS_0x5fedb3c1b8a0_0_20, LS_0x5fedb3c1b8a0_0_24, LS_0x5fedb3c1b8a0_0_28;
L_0x5fedb3c1b8a0 .concat [ 16 16 0 0], LS_0x5fedb3c1b8a0_1_0, LS_0x5fedb3c1b8a0_1_4;
L_0x5fedb3c1c070 .part L_0x5fedb3c1a5b0, 31, 1;
S_0x5fedb3b700a0 .scope generate, "genblk1[0]" "genblk1[0]" 2 77, 2 77 0, S_0x5fedb3b75b20;
 .timescale 0 0;
P_0x5fedb3b72f30 .param/l "i" 1 2 77, +C4<00>;
S_0x5fedb3bcc940 .scope module, "d0" "add_sub_u" 2 78, 2 85 0, S_0x5fedb3b700a0;
 .timescale 0 0;
    .port_info 0 /INPUT 1 "a";
    .port_info 1 /INPUT 1 "b";
    .port_info 2 /INPUT 1 "cin";
    .port_info 3 /OUTPUT 1 "o_and";
    .port_info 4 /OUTPUT 1 "o_xor";
    .port_info 5 /OUTPUT 1 "s";
    .port_info 6 /OUTPUT 1 "cout";
L_0x5fedb3c064e0 .functor AND 1, L_0x5fedb3c05c10, L_0x5fedb3c068f0, C4<1>, C4<1>;
L_0x5fedb3c06550 .functor XOR 1, L_0x5fedb3c05c10, L_0x5fedb3c068f0, C4<0>, C4<0>;
L_0x5fedb3c06660 .functor XOR 1, L_0x5fedb3c06550, L_0x5fedb3c06990, C4<0>, C4<0>;
L_0x5fedb3c06720 .functor AND 1, L_0x5fedb3c06550, L_0x5fedb3c06990, C4<1>, C4<1>;
L_0x5fedb3c067e0 .functor OR 1, L_0x5fedb3c064e0, L_0x5fedb3c06720, C4<0>, C4<0>;
v0x5fedb3b79740_0 .net *"_ivl_6", 0 0, L_0x5fedb3c06720;  1 drivers
v0x5fedb3b79840_0 .net "a", 0 0, L_0x5fedb3c05c10;  1 drivers
v0x5fedb3b79900_0 .net "b", 0 0, L_0x5fedb3c068f0;  1 drivers
v0x5fedb3b799a0_0 .net "cin", 0 0, L_0x5fedb3c06990;  1 drivers
v0x5fedb3b76a00_0 .net "cout", 0 0, L_0x5fedb3c067e0;  1 drivers
v0x5fedb3b76af0_0 .net "o_and", 0 0, L_0x5fedb3c064e0;  1 drivers
v0x5fedb3b76bb0_0 .net "o_xor", 0 0, L_0x5fedb3c06550;  1 drivers
v0x5fedb3b76c70_0 .net "s", 0 0, L_0x5fedb3c06660;  1 drivers
S_0x5fedb3b73da0 .scope generate, "genblk1[1]" "genblk1[1]" 2 77, 2 77 0, S_0x5fedb3b75b20;
 .timescale 0 0;
P_0x5fedb3bc0280 .param/l "i" 1 2 77, +C4<01>;
S_0x5fedb3bc0340 .scope module, "d0" "add_sub_u" 2 78, 2 85 0, S_0x5fedb3b73da0;
 .timescale 0 0;
    .port_info 0 /INPUT 1 "a";
    .port_info 1 /INPUT 1 "b";
    .port_info 2 /INPUT 1 "cin";
    .port_info 3 /OUTPUT 1 "o_and";
    .port_info 4 /OUTPUT 1 "o_xor";
    .port_info 5 /OUTPUT 1 "s";
    .port_info 6 /OUTPUT 1 "cout";
L_0x5fedb3c06a30 .functor AND 1, L_0x5fedb3c06e70, L_0x5fedb3c06f40, C4<1>, C4<1>;
L_0x5fedb3c06aa0 .functor XOR 1, L_0x5fedb3c06e70, L_0x5fedb3c06f40, C4<0>, C4<0>;
L_0x5fedb3c06bb0 .functor XOR 1, L_0x5fedb3c06aa0, L_0x5fedb3c07030, C4<0>, C4<0>;
L_0x5fedb3c06c70 .functor AND 1, L_0x5fedb3c06aa0, L_0x5fedb3c07030, C4<1>, C4<1>;
L_0x5fedb3c06d60 .functor OR 1, L_0x5fedb3c06a30, L_0x5fedb3c06c70, C4<0>, C4<0>;
v0x5fedb3bc0520_0 .net *"_ivl_6", 0 0, L_0x5fedb3c06c70;  1 drivers
v0x5fedb3bbd650_0 .net "a", 0 0, L_0x5fedb3c06e70;  1 drivers
v0x5fedb3bbd710_0 .net "b", 0 0, L_0x5fedb3c06f40;  1 drivers
v0x5fedb3bbd7b0_0 .net "cin", 0 0, L_0x5fedb3c07030;  1 drivers
v0x5fedb3bba800_0 .net "cout", 0 0, L_0x5fedb3c06d60;  1 drivers
v0x5fedb3bba910_0 .net "o_and", 0 0, L_0x5fedb3c06a30;  1 drivers
v0x5fedb3bba9d0_0 .net "o_xor", 0 0, L_0x5fedb3c06aa0;  1 drivers
v0x5fedb3bbaa90_0 .net "s", 0 0, L_0x5fedb3c06bb0;  1 drivers
S_0x5fedb3bb7bc0 .scope generate, "genblk1[2]" "genblk1[2]" 2 77, 2 77 0, S_0x5fedb3b75b20;
 .timescale 0 0;
P_0x5fedb3bb4d80 .param/l "i" 1 2 77, +C4<010>;
S_0x5fedb3bb4e40 .scope module, "d0" "add_sub_u" 2 78, 2 85 0, S_0x5fedb3bb7bc0;
 .timescale 0 0;
    .port_info 0 /INPUT 1 "a";
    .port_info 1 /INPUT 1 "b";
    .port_info 2 /INPUT 1 "cin";
    .port_info 3 /OUTPUT 1 "o_and";
    .port_info 4 /OUTPUT 1 "o_xor";
    .port_info 5 /OUTPUT 1 "s";
    .port_info 6 /OUTPUT 1 "cout";
L_0x5fedb3c07160 .functor AND 1, L_0x5fedb3c075a0, L_0x5fedb3c07750, C4<1>, C4<1>;
L_0x5fedb3c071d0 .functor XOR 1, L_0x5fedb3c075a0, L_0x5fedb3c07750, C4<0>, C4<0>;
L_0x5fedb3c072e0 .functor XOR 1, L_0x5fedb3c071d0, L_0x5fedb3c07840, C4<0>, C4<0>;
L_0x5fedb3c073a0 .functor AND 1, L_0x5fedb3c071d0, L_0x5fedb3c07840, C4<1>, C4<1>;
L_0x5fedb3c07490 .functor OR 1, L_0x5fedb3c07160, L_0x5fedb3c073a0, C4<0>, C4<0>;
v0x5fedb3bb5020_0 .net *"_ivl_6", 0 0, L_0x5fedb3c073a0;  1 drivers
v0x5fedb3b71090_0 .net "a", 0 0, L_0x5fedb3c075a0;  1 drivers
v0x5fedb3b71150_0 .net "b", 0 0, L_0x5fedb3c07750;  1 drivers
v0x5fedb3b711f0_0 .net "cin", 0 0, L_0x5fedb3c07840;  1 drivers
v0x5fedb3bb2040_0 .net "cout", 0 0, L_0x5fedb3c07490;  1 drivers
v0x5fedb3bb2150_0 .net "o_and", 0 0, L_0x5fedb3c07160;  1 drivers
v0x5fedb3bb2210_0 .net "o_xor", 0 0, L_0x5fedb3c071d0;  1 drivers
v0x5fedb3bb22d0_0 .net "s", 0 0, L_0x5fedb3c072e0;  1 drivers
S_0x5fedb3baf400 .scope generate, "genblk1[3]" "genblk1[3]" 2 77, 2 77 0, S_0x5fedb3b75b20;
 .timescale 0 0;
P_0x5fedb3bac5c0 .param/l "i" 1 2 77, +C4<011>;
S_0x5fedb3bac6a0 .scope module, "d0" "add_sub_u" 2 78, 2 85 0, S_0x5fedb3baf400;
 .timescale 0 0;
    .port_info 0 /INPUT 1 "a";
    .port_info 1 /INPUT 1 "b";
    .port_info 2 /INPUT 1 "cin";
    .port_info 3 /OUTPUT 1 "o_and";
    .port_info 4 /OUTPUT 1 "o_xor";
    .port_info 5 /OUTPUT 1 "s";
    .port_info 6 /OUTPUT 1 "cout";
L_0x5fedb3c078e0 .functor AND 1, L_0x5fedb3c07d20, L_0x5fedb3c07e20, C4<1>, C4<1>;
L_0x5fedb3c07950 .functor XOR 1, L_0x5fedb3c07d20, L_0x5fedb3c07e20, C4<0>, C4<0>;
L_0x5fedb3c07a60 .functor XOR 1, L_0x5fedb3c07950, L_0x5fedb3c07ec0, C4<0>, C4<0>;
L_0x5fedb3c07b20 .functor AND 1, L_0x5fedb3c07950, L_0x5fedb3c07ec0, C4<1>, C4<1>;
L_0x5fedb3c07c10 .functor OR 1, L_0x5fedb3c078e0, L_0x5fedb3c07b20, C4<0>, C4<0>;
v0x5fedb3ba9930_0 .net *"_ivl_6", 0 0, L_0x5fedb3c07b20;  1 drivers
v0x5fedb3ba9a30_0 .net "a", 0 0, L_0x5fedb3c07d20;  1 drivers
v0x5fedb3ba9af0_0 .net "b", 0 0, L_0x5fedb3c07e20;  1 drivers
v0x5fedb3ba6b40_0 .net "cin", 0 0, L_0x5fedb3c07ec0;  1 drivers
v0x5fedb3ba6c00_0 .net "cout", 0 0, L_0x5fedb3c07c10;  1 drivers
v0x5fedb3ba6d10_0 .net "o_and", 0 0, L_0x5fedb3c078e0;  1 drivers
v0x5fedb3ba6dd0_0 .net "o_xor", 0 0, L_0x5fedb3c07950;  1 drivers
v0x5fedb3ba3e00_0 .net "s", 0 0, L_0x5fedb3c07a60;  1 drivers
S_0x5fedb3ba3fa0 .scope generate, "genblk1[4]" "genblk1[4]" 2 77, 2 77 0, S_0x5fedb3b75b20;
 .timescale 0 0;
P_0x5fedb3ba1110 .param/l "i" 1 2 77, +C4<0100>;
S_0x5fedb3ba11f0 .scope module, "d0" "add_sub_u" 2 78, 2 85 0, S_0x5fedb3ba3fa0;
 .timescale 0 0;
    .port_info 0 /INPUT 1 "a";
    .port_info 1 /INPUT 1 "b";
    .port_info 2 /INPUT 1 "cin";
    .port_info 3 /OUTPUT 1 "o_and";
    .port_info 4 /OUTPUT 1 "o_xor";
    .port_info 5 /OUTPUT 1 "s";
    .port_info 6 /OUTPUT 1 "cout";
L_0x5fedb3c07fd0 .functor AND 1, L_0x5fedb3c08320, L_0x5fedb3c083c0, C4<1>, C4<1>;
L_0x5fedb3c08040 .functor XOR 1, L_0x5fedb3c08320, L_0x5fedb3c083c0, C4<0>, C4<0>;
L_0x5fedb3c080b0 .functor XOR 1, L_0x5fedb3c08040, L_0x5fedb3c08460, C4<0>, C4<0>;
L_0x5fedb3c08120 .functor AND 1, L_0x5fedb3c08040, L_0x5fedb3c08460, C4<1>, C4<1>;
L_0x5fedb3c08210 .functor OR 1, L_0x5fedb3c07fd0, L_0x5fedb3c08120, C4<0>, C4<0>;
v0x5fedb3b9e430_0 .net *"_ivl_6", 0 0, L_0x5fedb3c08120;  1 drivers
v0x5fedb3b9e530_0 .net "a", 0 0, L_0x5fedb3c08320;  1 drivers
v0x5fedb3b9e5f0_0 .net "b", 0 0, L_0x5fedb3c083c0;  1 drivers
v0x5fedb3b9b640_0 .net "cin", 0 0, L_0x5fedb3c08460;  1 drivers
v0x5fedb3b9b700_0 .net "cout", 0 0, L_0x5fedb3c08210;  1 drivers
v0x5fedb3b9b810_0 .net "o_and", 0 0, L_0x5fedb3c07fd0;  1 drivers
v0x5fedb3b9b8d0_0 .net "o_xor", 0 0, L_0x5fedb3c08040;  1 drivers
v0x5fedb3b98900_0 .net "s", 0 0, L_0x5fedb3c080b0;  1 drivers
S_0x5fedb3b6e240 .scope generate, "genblk1[5]" "genblk1[5]" 2 77, 2 77 0, S_0x5fedb3b75b20;
 .timescale 0 0;
P_0x5fedb3b6e440 .param/l "i" 1 2 77, +C4<0101>;
S_0x5fedb3b95bc0 .scope module, "d0" "add_sub_u" 2 78, 2 85 0, S_0x5fedb3b6e240;
 .timescale 0 0;
    .port_info 0 /INPUT 1 "a";
    .port_info 1 /INPUT 1 "b";
    .port_info 2 /INPUT 1 "cin";
    .port_info 3 /OUTPUT 1 "o_and";
    .port_info 4 /OUTPUT 1 "o_xor";
    .port_info 5 /OUTPUT 1 "s";
    .port_info 6 /OUTPUT 1 "cout";
L_0x5fedb3c07f60 .functor AND 1, L_0x5fedb3c08900, L_0x5fedb3c08a30, C4<1>, C4<1>;
L_0x5fedb3c08500 .functor XOR 1, L_0x5fedb3c08900, L_0x5fedb3c08a30, C4<0>, C4<0>;
L_0x5fedb3c08640 .functor XOR 1, L_0x5fedb3c08500, L_0x5fedb3c08ad0, C4<0>, C4<0>;
L_0x5fedb3c08700 .functor AND 1, L_0x5fedb3c08500, L_0x5fedb3c08ad0, C4<1>, C4<1>;
L_0x5fedb3c087f0 .functor OR 1, L_0x5fedb3c07f60, L_0x5fedb3c08700, C4<0>, C4<0>;
v0x5fedb3b95e50_0 .net *"_ivl_6", 0 0, L_0x5fedb3c08700;  1 drivers
v0x5fedb3b98ae0_0 .net "a", 0 0, L_0x5fedb3c08900;  1 drivers
v0x5fedb3b98ba0_0 .net "b", 0 0, L_0x5fedb3c08a30;  1 drivers
v0x5fedb3b92e80_0 .net "cin", 0 0, L_0x5fedb3c08ad0;  1 drivers
v0x5fedb3b92f40_0 .net "cout", 0 0, L_0x5fedb3c087f0;  1 drivers
v0x5fedb3b93050_0 .net "o_and", 0 0, L_0x5fedb3c07f60;  1 drivers
v0x5fedb3b93110_0 .net "o_xor", 0 0, L_0x5fedb3c08500;  1 drivers
v0x5fedb3b90160_0 .net "s", 0 0, L_0x5fedb3c08640;  1 drivers
S_0x5fedb3b8d400 .scope generate, "genblk1[6]" "genblk1[6]" 2 77, 2 77 0, S_0x5fedb3b75b20;
 .timescale 0 0;
P_0x5fedb3b8d600 .param/l "i" 1 2 77, +C4<0110>;
S_0x5fedb3b8a6c0 .scope module, "d0" "add_sub_u" 2 78, 2 85 0, S_0x5fedb3b8d400;
 .timescale 0 0;
    .port_info 0 /INPUT 1 "a";
    .port_info 1 /INPUT 1 "b";
    .port_info 2 /INPUT 1 "cin";
    .port_info 3 /OUTPUT 1 "o_and";
    .port_info 4 /OUTPUT 1 "o_xor";
    .port_info 5 /OUTPUT 1 "s";
    .port_info 6 /OUTPUT 1 "cout";
L_0x5fedb3c08c10 .functor AND 1, L_0x5fedb3c09080, L_0x5fedb3c09120, C4<1>, C4<1>;
L_0x5fedb3c08c80 .functor XOR 1, L_0x5fedb3c09080, L_0x5fedb3c09120, C4<0>, C4<0>;
L_0x5fedb3c08dc0 .functor XOR 1, L_0x5fedb3c08c80, L_0x5fedb3c08b70, C4<0>, C4<0>;
L_0x5fedb3c08e80 .functor AND 1, L_0x5fedb3c08c80, L_0x5fedb3c08b70, C4<1>, C4<1>;
L_0x5fedb3c08f70 .functor OR 1, L_0x5fedb3c08c10, L_0x5fedb3c08e80, C4<0>, C4<0>;
v0x5fedb3b8a950_0 .net *"_ivl_6", 0 0, L_0x5fedb3c08e80;  1 drivers
v0x5fedb3b90340_0 .net "a", 0 0, L_0x5fedb3c09080;  1 drivers
v0x5fedb3b87980_0 .net "b", 0 0, L_0x5fedb3c09120;  1 drivers
v0x5fedb3b87a20_0 .net "cin", 0 0, L_0x5fedb3c08b70;  1 drivers
v0x5fedb3b87ae0_0 .net "cout", 0 0, L_0x5fedb3c08f70;  1 drivers
v0x5fedb3b87bf0_0 .net "o_and", 0 0, L_0x5fedb3c08c10;  1 drivers
v0x5fedb3b84c40_0 .net "o_xor", 0 0, L_0x5fedb3c08c80;  1 drivers
v0x5fedb3b84d00_0 .net "s", 0 0, L_0x5fedb3c08dc0;  1 drivers
S_0x5fedb3b81f00 .scope generate, "genblk1[7]" "genblk1[7]" 2 77, 2 77 0, S_0x5fedb3b75b20;
 .timescale 0 0;
P_0x5fedb3b82100 .param/l "i" 1 2 77, +C4<0111>;
S_0x5fedb3b33840 .scope module, "d0" "add_sub_u" 2 78, 2 85 0, S_0x5fedb3b81f00;
 .timescale 0 0;
    .port_info 0 /INPUT 1 "a";
    .port_info 1 /INPUT 1 "b";
    .port_info 2 /INPUT 1 "cin";
    .port_info 3 /OUTPUT 1 "o_and";
    .port_info 4 /OUTPUT 1 "o_xor";
    .port_info 5 /OUTPUT 1 "s";
    .port_info 6 /OUTPUT 1 "cout";
L_0x5fedb3c09270 .functor AND 1, L_0x5fedb3c09710, L_0x5fedb3c09870, C4<1>, C4<1>;
L_0x5fedb3c09310 .functor XOR 1, L_0x5fedb3c09710, L_0x5fedb3c09870, C4<0>, C4<0>;
L_0x5fedb3c09450 .functor XOR 1, L_0x5fedb3c09310, L_0x5fedb3c09a20, C4<0>, C4<0>;
L_0x5fedb3c09510 .functor AND 1, L_0x5fedb3c09310, L_0x5fedb3c09a20, C4<1>, C4<1>;
L_0x5fedb3c09600 .functor OR 1, L_0x5fedb3c09270, L_0x5fedb3c09510, C4<0>, C4<0>;
v0x5fedb3b84ee0_0 .net *"_ivl_6", 0 0, L_0x5fedb3c09510;  1 drivers
v0x5fedb3b33b30_0 .net "a", 0 0, L_0x5fedb3c09710;  1 drivers
v0x5fedb3aebcf0_0 .net "b", 0 0, L_0x5fedb3c09870;  1 drivers
v0x5fedb3aebd90_0 .net "cin", 0 0, L_0x5fedb3c09a20;  1 drivers
v0x5fedb3aebe50_0 .net "cout", 0 0, L_0x5fedb3c09600;  1 drivers
v0x5fedb3aebf60_0 .net "o_and", 0 0, L_0x5fedb3c09270;  1 drivers
v0x5fedb3aec020_0 .net "o_xor", 0 0, L_0x5fedb3c09310;  1 drivers
v0x5fedb3b35b40_0 .net "s", 0 0, L_0x5fedb3c09450;  1 drivers
S_0x5fedb3b35ce0 .scope generate, "genblk1[8]" "genblk1[8]" 2 77, 2 77 0, S_0x5fedb3b75b20;
 .timescale 0 0;
P_0x5fedb3ba10c0 .param/l "i" 1 2 77, +C4<01000>;
S_0x5fedb3b39810 .scope module, "d0" "add_sub_u" 2 78, 2 85 0, S_0x5fedb3b35ce0;
 .timescale 0 0;
    .port_info 0 /INPUT 1 "a";
    .port_info 1 /INPUT 1 "b";
    .port_info 2 /INPUT 1 "cin";
    .port_info 3 /OUTPUT 1 "o_and";
    .port_info 4 /OUTPUT 1 "o_xor";
    .port_info 5 /OUTPUT 1 "s";
    .port_info 6 /OUTPUT 1 "cout";
L_0x5fedb3c09ca0 .functor AND 1, L_0x5fedb3c0a0c0, L_0x5fedb3c0a160, C4<1>, C4<1>;
L_0x5fedb3c09d40 .functor XOR 1, L_0x5fedb3c0a0c0, L_0x5fedb3c0a160, C4<0>, C4<0>;
L_0x5fedb3c09e80 .functor XOR 1, L_0x5fedb3c09d40, L_0x5fedb3c0a2e0, C4<0>, C4<0>;
L_0x5fedb3c09f40 .functor AND 1, L_0x5fedb3c09d40, L_0x5fedb3c0a2e0, C4<1>, C4<1>;
L_0x5fedb3c09fb0 .functor OR 1, L_0x5fedb3c09ca0, L_0x5fedb3c09f40, C4<0>, C4<0>;
v0x5fedb3b39a50_0 .net *"_ivl_6", 0 0, L_0x5fedb3c09f40;  1 drivers
v0x5fedb3b39b50_0 .net "a", 0 0, L_0x5fedb3c0a0c0;  1 drivers
v0x5fedb3b2f2a0_0 .net "b", 0 0, L_0x5fedb3c0a160;  1 drivers
v0x5fedb3b2f340_0 .net "cin", 0 0, L_0x5fedb3c0a2e0;  1 drivers
v0x5fedb3b2f400_0 .net "cout", 0 0, L_0x5fedb3c09fb0;  1 drivers
v0x5fedb3b2f510_0 .net "o_and", 0 0, L_0x5fedb3c09ca0;  1 drivers
v0x5fedb3b2f5d0_0 .net "o_xor", 0 0, L_0x5fedb3c09d40;  1 drivers
v0x5fedb3bea470_0 .net "s", 0 0, L_0x5fedb3c09e80;  1 drivers
S_0x5fedb3bea510 .scope generate, "genblk1[9]" "genblk1[9]" 2 77, 2 77 0, S_0x5fedb3b75b20;
 .timescale 0 0;
P_0x5fedb3aec100 .param/l "i" 1 2 77, +C4<01001>;
S_0x5fedb3bea6a0 .scope module, "d0" "add_sub_u" 2 78, 2 85 0, S_0x5fedb3bea510;
 .timescale 0 0;
    .port_info 0 /INPUT 1 "a";
    .port_info 1 /INPUT 1 "b";
    .port_info 2 /INPUT 1 "cin";
    .port_info 3 /OUTPUT 1 "o_and";
    .port_info 4 /OUTPUT 1 "o_xor";
    .port_info 5 /OUTPUT 1 "s";
    .port_info 6 /OUTPUT 1 "cout";
L_0x5fedb3c0a380 .functor AND 1, L_0x5fedb3c0a820, L_0x5fedb3c0a9b0, C4<1>, C4<1>;
L_0x5fedb3c0a3f0 .functor XOR 1, L_0x5fedb3c0a820, L_0x5fedb3c0a9b0, C4<0>, C4<0>;
L_0x5fedb3c0a530 .functor XOR 1, L_0x5fedb3c0a3f0, L_0x5fedb3c0aa50, C4<0>, C4<0>;
L_0x5fedb3c0a5f0 .functor AND 1, L_0x5fedb3c0a3f0, L_0x5fedb3c0aa50, C4<1>, C4<1>;
L_0x5fedb3c0a710 .functor OR 1, L_0x5fedb3c0a380, L_0x5fedb3c0a5f0, C4<0>, C4<0>;
v0x5fedb3bea930_0 .net *"_ivl_6", 0 0, L_0x5fedb3c0a5f0;  1 drivers
v0x5fedb3beaa10_0 .net "a", 0 0, L_0x5fedb3c0a820;  1 drivers
v0x5fedb3beaad0_0 .net "b", 0 0, L_0x5fedb3c0a9b0;  1 drivers
v0x5fedb3beab70_0 .net "cin", 0 0, L_0x5fedb3c0aa50;  1 drivers
v0x5fedb3beac30_0 .net "cout", 0 0, L_0x5fedb3c0a710;  1 drivers
v0x5fedb3bead40_0 .net "o_and", 0 0, L_0x5fedb3c0a380;  1 drivers
v0x5fedb3beae00_0 .net "o_xor", 0 0, L_0x5fedb3c0a3f0;  1 drivers
v0x5fedb3beaec0_0 .net "s", 0 0, L_0x5fedb3c0a530;  1 drivers
S_0x5fedb3beb0a0 .scope generate, "genblk1[10]" "genblk1[10]" 2 77, 2 77 0, S_0x5fedb3b75b20;
 .timescale 0 0;
P_0x5fedb3beb2a0 .param/l "i" 1 2 77, +C4<01010>;
S_0x5fedb3beb380 .scope module, "d0" "add_sub_u" 2 78, 2 85 0, S_0x5fedb3beb0a0;
 .timescale 0 0;
    .port_info 0 /INPUT 1 "a";
    .port_info 1 /INPUT 1 "b";
    .port_info 2 /INPUT 1 "cin";
    .port_info 3 /OUTPUT 1 "o_and";
    .port_info 4 /OUTPUT 1 "o_xor";
    .port_info 5 /OUTPUT 1 "s";
    .port_info 6 /OUTPUT 1 "cout";
L_0x5fedb3c0abf0 .functor AND 1, L_0x5fedb3c0b090, L_0x5fedb3c0b340, C4<1>, C4<1>;
L_0x5fedb3c0ac90 .functor XOR 1, L_0x5fedb3c0b090, L_0x5fedb3c0b340, C4<0>, C4<0>;
L_0x5fedb3c0add0 .functor XOR 1, L_0x5fedb3c0ac90, L_0x5fedb3c0b4f0, C4<0>, C4<0>;
L_0x5fedb3c0ae90 .functor AND 1, L_0x5fedb3c0ac90, L_0x5fedb3c0b4f0, C4<1>, C4<1>;
L_0x5fedb3c0af80 .functor OR 1, L_0x5fedb3c0abf0, L_0x5fedb3c0ae90, C4<0>, C4<0>;
v0x5fedb3beb610_0 .net *"_ivl_6", 0 0, L_0x5fedb3c0ae90;  1 drivers
v0x5fedb3beb710_0 .net "a", 0 0, L_0x5fedb3c0b090;  1 drivers
v0x5fedb3beb7d0_0 .net "b", 0 0, L_0x5fedb3c0b340;  1 drivers
v0x5fedb3beb870_0 .net "cin", 0 0, L_0x5fedb3c0b4f0;  1 drivers
v0x5fedb3beb930_0 .net "cout", 0 0, L_0x5fedb3c0af80;  1 drivers
v0x5fedb3beba40_0 .net "o_and", 0 0, L_0x5fedb3c0abf0;  1 drivers
v0x5fedb3bebb00_0 .net "o_xor", 0 0, L_0x5fedb3c0ac90;  1 drivers
v0x5fedb3bebbc0_0 .net "s", 0 0, L_0x5fedb3c0add0;  1 drivers
S_0x5fedb3bebda0 .scope generate, "genblk1[11]" "genblk1[11]" 2 77, 2 77 0, S_0x5fedb3b75b20;
 .timescale 0 0;
P_0x5fedb3bebfa0 .param/l "i" 1 2 77, +C4<01011>;
S_0x5fedb3bec080 .scope module, "d0" "add_sub_u" 2 78, 2 85 0, S_0x5fedb3bebda0;
 .timescale 0 0;
    .port_info 0 /INPUT 1 "a";
    .port_info 1 /INPUT 1 "b";
    .port_info 2 /INPUT 1 "cin";
    .port_info 3 /OUTPUT 1 "o_and";
    .port_info 4 /OUTPUT 1 "o_xor";
    .port_info 5 /OUTPUT 1 "s";
    .port_info 6 /OUTPUT 1 "cout";
L_0x5fedb3c0b590 .functor AND 1, L_0x5fedb3c0ba30, L_0x5fedb3c0bbf0, C4<1>, C4<1>;
L_0x5fedb3c0b630 .functor XOR 1, L_0x5fedb3c0ba30, L_0x5fedb3c0bbf0, C4<0>, C4<0>;
L_0x5fedb3c0b770 .functor XOR 1, L_0x5fedb3c0b630, L_0x5fedb3c0bc90, C4<0>, C4<0>;
L_0x5fedb3c0b830 .functor AND 1, L_0x5fedb3c0b630, L_0x5fedb3c0bc90, C4<1>, C4<1>;
L_0x5fedb3c0b920 .functor OR 1, L_0x5fedb3c0b590, L_0x5fedb3c0b830, C4<0>, C4<0>;
v0x5fedb3bec310_0 .net *"_ivl_6", 0 0, L_0x5fedb3c0b830;  1 drivers
v0x5fedb3bec410_0 .net "a", 0 0, L_0x5fedb3c0ba30;  1 drivers
v0x5fedb3bec4d0_0 .net "b", 0 0, L_0x5fedb3c0bbf0;  1 drivers
v0x5fedb3bec570_0 .net "cin", 0 0, L_0x5fedb3c0bc90;  1 drivers
v0x5fedb3bec630_0 .net "cout", 0 0, L_0x5fedb3c0b920;  1 drivers
v0x5fedb3bec740_0 .net "o_and", 0 0, L_0x5fedb3c0b590;  1 drivers
v0x5fedb3bec800_0 .net "o_xor", 0 0, L_0x5fedb3c0b630;  1 drivers
v0x5fedb3bec8c0_0 .net "s", 0 0, L_0x5fedb3c0b770;  1 drivers
S_0x5fedb3becaa0 .scope generate, "genblk1[12]" "genblk1[12]" 2 77, 2 77 0, S_0x5fedb3b75b20;
 .timescale 0 0;
P_0x5fedb3becca0 .param/l "i" 1 2 77, +C4<01100>;
S_0x5fedb3becd80 .scope module, "d0" "add_sub_u" 2 78, 2 85 0, S_0x5fedb3becaa0;
 .timescale 0 0;
    .port_info 0 /INPUT 1 "a";
    .port_info 1 /INPUT 1 "b";
    .port_info 2 /INPUT 1 "cin";
    .port_info 3 /OUTPUT 1 "o_and";
    .port_info 4 /OUTPUT 1 "o_xor";
    .port_info 5 /OUTPUT 1 "s";
    .port_info 6 /OUTPUT 1 "cout";
L_0x5fedb3c0bad0 .functor AND 1, L_0x5fedb3c0c1f0, L_0x5fedb3c0c290, C4<1>, C4<1>;
L_0x5fedb3c0bb70 .functor XOR 1, L_0x5fedb3c0c1f0, L_0x5fedb3c0c290, C4<0>, C4<0>;
L_0x5fedb3c0bf30 .functor XOR 1, L_0x5fedb3c0bb70, L_0x5fedb3c0c470, C4<0>, C4<0>;
L_0x5fedb3c0bff0 .functor AND 1, L_0x5fedb3c0bb70, L_0x5fedb3c0c470, C4<1>, C4<1>;
L_0x5fedb3c0c0e0 .functor OR 1, L_0x5fedb3c0bad0, L_0x5fedb3c0bff0, C4<0>, C4<0>;
v0x5fedb3bed010_0 .net *"_ivl_6", 0 0, L_0x5fedb3c0bff0;  1 drivers
v0x5fedb3bed110_0 .net "a", 0 0, L_0x5fedb3c0c1f0;  1 drivers
v0x5fedb3bed1d0_0 .net "b", 0 0, L_0x5fedb3c0c290;  1 drivers
v0x5fedb3bed270_0 .net "cin", 0 0, L_0x5fedb3c0c470;  1 drivers
v0x5fedb3bed330_0 .net "cout", 0 0, L_0x5fedb3c0c0e0;  1 drivers
v0x5fedb3bed440_0 .net "o_and", 0 0, L_0x5fedb3c0bad0;  1 drivers
v0x5fedb3bed500_0 .net "o_xor", 0 0, L_0x5fedb3c0bb70;  1 drivers
v0x5fedb3bed5c0_0 .net "s", 0 0, L_0x5fedb3c0bf30;  1 drivers
S_0x5fedb3bed7a0 .scope generate, "genblk1[13]" "genblk1[13]" 2 77, 2 77 0, S_0x5fedb3b75b20;
 .timescale 0 0;
P_0x5fedb3bed9a0 .param/l "i" 1 2 77, +C4<01101>;
S_0x5fedb3beda80 .scope module, "d0" "add_sub_u" 2 78, 2 85 0, S_0x5fedb3bed7a0;
 .timescale 0 0;
    .port_info 0 /INPUT 1 "a";
    .port_info 1 /INPUT 1 "b";
    .port_info 2 /INPUT 1 "cin";
    .port_info 3 /OUTPUT 1 "o_and";
    .port_info 4 /OUTPUT 1 "o_xor";
    .port_info 5 /OUTPUT 1 "s";
    .port_info 6 /OUTPUT 1 "cout";
L_0x5fedb3c0c510 .functor AND 1, L_0x5fedb3c0c9b0, L_0x5fedb3c0cba0, C4<1>, C4<1>;
L_0x5fedb3c0c5b0 .functor XOR 1, L_0x5fedb3c0c9b0, L_0x5fedb3c0cba0, C4<0>, C4<0>;
L_0x5fedb3c0c6f0 .functor XOR 1, L_0x5fedb3c0c5b0, L_0x5fedb3c0cc40, C4<0>, C4<0>;
L_0x5fedb3c0c7b0 .functor AND 1, L_0x5fedb3c0c5b0, L_0x5fedb3c0cc40, C4<1>, C4<1>;
L_0x5fedb3c0c8a0 .functor OR 1, L_0x5fedb3c0c510, L_0x5fedb3c0c7b0, C4<0>, C4<0>;
v0x5fedb3bedd10_0 .net *"_ivl_6", 0 0, L_0x5fedb3c0c7b0;  1 drivers
v0x5fedb3bede10_0 .net "a", 0 0, L_0x5fedb3c0c9b0;  1 drivers
v0x5fedb3beded0_0 .net "b", 0 0, L_0x5fedb3c0cba0;  1 drivers
v0x5fedb3bedf70_0 .net "cin", 0 0, L_0x5fedb3c0cc40;  1 drivers
v0x5fedb3bee030_0 .net "cout", 0 0, L_0x5fedb3c0c8a0;  1 drivers
v0x5fedb3bee140_0 .net "o_and", 0 0, L_0x5fedb3c0c510;  1 drivers
v0x5fedb3bee200_0 .net "o_xor", 0 0, L_0x5fedb3c0c5b0;  1 drivers
v0x5fedb3bee2c0_0 .net "s", 0 0, L_0x5fedb3c0c6f0;  1 drivers
S_0x5fedb3bee4a0 .scope generate, "genblk1[14]" "genblk1[14]" 2 77, 2 77 0, S_0x5fedb3b75b20;
 .timescale 0 0;
P_0x5fedb3bee6a0 .param/l "i" 1 2 77, +C4<01110>;
S_0x5fedb3bee780 .scope module, "d0" "add_sub_u" 2 78, 2 85 0, S_0x5fedb3bee4a0;
 .timescale 0 0;
    .port_info 0 /INPUT 1 "a";
    .port_info 1 /INPUT 1 "b";
    .port_info 2 /INPUT 1 "cin";
    .port_info 3 /OUTPUT 1 "o_and";
    .port_info 4 /OUTPUT 1 "o_xor";
    .port_info 5 /OUTPUT 1 "s";
    .port_info 6 /OUTPUT 1 "cout";
L_0x5fedb3c0ce40 .functor AND 1, L_0x5fedb3c0d2e0, L_0x5fedb3c0d380, C4<1>, C4<1>;
L_0x5fedb3c0cee0 .functor XOR 1, L_0x5fedb3c0d2e0, L_0x5fedb3c0d380, C4<0>, C4<0>;
L_0x5fedb3c0d020 .functor XOR 1, L_0x5fedb3c0cee0, L_0x5fedb3c0d590, C4<0>, C4<0>;
L_0x5fedb3c0d0e0 .functor AND 1, L_0x5fedb3c0cee0, L_0x5fedb3c0d590, C4<1>, C4<1>;
L_0x5fedb3c0d1d0 .functor OR 1, L_0x5fedb3c0ce40, L_0x5fedb3c0d0e0, C4<0>, C4<0>;
v0x5fedb3beea10_0 .net *"_ivl_6", 0 0, L_0x5fedb3c0d0e0;  1 drivers
v0x5fedb3beeb10_0 .net "a", 0 0, L_0x5fedb3c0d2e0;  1 drivers
v0x5fedb3beebd0_0 .net "b", 0 0, L_0x5fedb3c0d380;  1 drivers
v0x5fedb3beec70_0 .net "cin", 0 0, L_0x5fedb3c0d590;  1 drivers
v0x5fedb3beed30_0 .net "cout", 0 0, L_0x5fedb3c0d1d0;  1 drivers
v0x5fedb3beee40_0 .net "o_and", 0 0, L_0x5fedb3c0ce40;  1 drivers
v0x5fedb3beef00_0 .net "o_xor", 0 0, L_0x5fedb3c0cee0;  1 drivers
v0x5fedb3beefc0_0 .net "s", 0 0, L_0x5fedb3c0d020;  1 drivers
S_0x5fedb3bef1a0 .scope generate, "genblk1[15]" "genblk1[15]" 2 77, 2 77 0, S_0x5fedb3b75b20;
 .timescale 0 0;
P_0x5fedb3bef3a0 .param/l "i" 1 2 77, +C4<01111>;
S_0x5fedb3bef480 .scope module, "d0" "add_sub_u" 2 78, 2 85 0, S_0x5fedb3bef1a0;
 .timescale 0 0;
    .port_info 0 /INPUT 1 "a";
    .port_info 1 /INPUT 1 "b";
    .port_info 2 /INPUT 1 "cin";
    .port_info 3 /OUTPUT 1 "o_and";
    .port_info 4 /OUTPUT 1 "o_xor";
    .port_info 5 /OUTPUT 1 "s";
    .port_info 6 /OUTPUT 1 "cout";
L_0x5fedb3c0d630 .functor AND 1, L_0x5fedb3c0dad0, L_0x5fedb3c0dcf0, C4<1>, C4<1>;
L_0x5fedb3c0d6d0 .functor XOR 1, L_0x5fedb3c0dad0, L_0x5fedb3c0dcf0, C4<0>, C4<0>;
L_0x5fedb3c0d810 .functor XOR 1, L_0x5fedb3c0d6d0, L_0x5fedb3c0dfa0, C4<0>, C4<0>;
L_0x5fedb3c0d8d0 .functor AND 1, L_0x5fedb3c0d6d0, L_0x5fedb3c0dfa0, C4<1>, C4<1>;
L_0x5fedb3c0d9c0 .functor OR 1, L_0x5fedb3c0d630, L_0x5fedb3c0d8d0, C4<0>, C4<0>;
v0x5fedb3bef710_0 .net *"_ivl_6", 0 0, L_0x5fedb3c0d8d0;  1 drivers
v0x5fedb3bef810_0 .net "a", 0 0, L_0x5fedb3c0dad0;  1 drivers
v0x5fedb3bef8d0_0 .net "b", 0 0, L_0x5fedb3c0dcf0;  1 drivers
v0x5fedb3bef970_0 .net "cin", 0 0, L_0x5fedb3c0dfa0;  1 drivers
v0x5fedb3befa30_0 .net "cout", 0 0, L_0x5fedb3c0d9c0;  1 drivers
v0x5fedb3befb40_0 .net "o_and", 0 0, L_0x5fedb3c0d630;  1 drivers
v0x5fedb3befc00_0 .net "o_xor", 0 0, L_0x5fedb3c0d6d0;  1 drivers
v0x5fedb3befcc0_0 .net "s", 0 0, L_0x5fedb3c0d810;  1 drivers
S_0x5fedb3befea0 .scope generate, "genblk1[16]" "genblk1[16]" 2 77, 2 77 0, S_0x5fedb3b75b20;
 .timescale 0 0;
P_0x5fedb3bf00a0 .param/l "i" 1 2 77, +C4<010000>;
S_0x5fedb3bf0180 .scope module, "d0" "add_sub_u" 2 78, 2 85 0, S_0x5fedb3befea0;
 .timescale 0 0;
    .port_info 0 /INPUT 1 "a";
    .port_info 1 /INPUT 1 "b";
    .port_info 2 /INPUT 1 "cin";
    .port_info 3 /OUTPUT 1 "o_and";
    .port_info 4 /OUTPUT 1 "o_xor";
    .port_info 5 /OUTPUT 1 "s";
    .port_info 6 /OUTPUT 1 "cout";
L_0x5fedb3c0e3e0 .functor AND 1, L_0x5fedb3c0e880, L_0x5fedb3c0e920, C4<1>, C4<1>;
L_0x5fedb3c0e480 .functor XOR 1, L_0x5fedb3c0e880, L_0x5fedb3c0e920, C4<0>, C4<0>;
L_0x5fedb3c0e5c0 .functor XOR 1, L_0x5fedb3c0e480, L_0x5fedb3c0eb60, C4<0>, C4<0>;
L_0x5fedb3c0e680 .functor AND 1, L_0x5fedb3c0e480, L_0x5fedb3c0eb60, C4<1>, C4<1>;
L_0x5fedb3c0e770 .functor OR 1, L_0x5fedb3c0e3e0, L_0x5fedb3c0e680, C4<0>, C4<0>;
v0x5fedb3bf0410_0 .net *"_ivl_6", 0 0, L_0x5fedb3c0e680;  1 drivers
v0x5fedb3bf0510_0 .net "a", 0 0, L_0x5fedb3c0e880;  1 drivers
v0x5fedb3bf05d0_0 .net "b", 0 0, L_0x5fedb3c0e920;  1 drivers
v0x5fedb3bf0670_0 .net "cin", 0 0, L_0x5fedb3c0eb60;  1 drivers
v0x5fedb3bf0730_0 .net "cout", 0 0, L_0x5fedb3c0e770;  1 drivers
v0x5fedb3bf0840_0 .net "o_and", 0 0, L_0x5fedb3c0e3e0;  1 drivers
v0x5fedb3bf0900_0 .net "o_xor", 0 0, L_0x5fedb3c0e480;  1 drivers
v0x5fedb3bf09c0_0 .net "s", 0 0, L_0x5fedb3c0e5c0;  1 drivers
S_0x5fedb3bf0ba0 .scope generate, "genblk1[17]" "genblk1[17]" 2 77, 2 77 0, S_0x5fedb3b75b20;
 .timescale 0 0;
P_0x5fedb3bf0da0 .param/l "i" 1 2 77, +C4<010001>;
S_0x5fedb3bf0e80 .scope module, "d0" "add_sub_u" 2 78, 2 85 0, S_0x5fedb3bf0ba0;
 .timescale 0 0;
    .port_info 0 /INPUT 1 "a";
    .port_info 1 /INPUT 1 "b";
    .port_info 2 /INPUT 1 "cin";
    .port_info 3 /OUTPUT 1 "o_and";
    .port_info 4 /OUTPUT 1 "o_xor";
    .port_info 5 /OUTPUT 1 "s";
    .port_info 6 /OUTPUT 1 "cout";
L_0x5fedb3c0ec00 .functor AND 1, L_0x5fedb3c0f0a0, L_0x5fedb3c0f2f0, C4<1>, C4<1>;
L_0x5fedb3c0eca0 .functor XOR 1, L_0x5fedb3c0f0a0, L_0x5fedb3c0f2f0, C4<0>, C4<0>;
L_0x5fedb3c0ede0 .functor XOR 1, L_0x5fedb3c0eca0, L_0x5fedb3c0f390, C4<0>, C4<0>;
L_0x5fedb3c0eea0 .functor AND 1, L_0x5fedb3c0eca0, L_0x5fedb3c0f390, C4<1>, C4<1>;
L_0x5fedb3c0ef90 .functor OR 1, L_0x5fedb3c0ec00, L_0x5fedb3c0eea0, C4<0>, C4<0>;
v0x5fedb3bf1110_0 .net *"_ivl_6", 0 0, L_0x5fedb3c0eea0;  1 drivers
v0x5fedb3bf1210_0 .net "a", 0 0, L_0x5fedb3c0f0a0;  1 drivers
v0x5fedb3bf12d0_0 .net "b", 0 0, L_0x5fedb3c0f2f0;  1 drivers
v0x5fedb3bf1370_0 .net "cin", 0 0, L_0x5fedb3c0f390;  1 drivers
v0x5fedb3bf1430_0 .net "cout", 0 0, L_0x5fedb3c0ef90;  1 drivers
v0x5fedb3bf1540_0 .net "o_and", 0 0, L_0x5fedb3c0ec00;  1 drivers
v0x5fedb3bf1600_0 .net "o_xor", 0 0, L_0x5fedb3c0eca0;  1 drivers
v0x5fedb3bf16c0_0 .net "s", 0 0, L_0x5fedb3c0ede0;  1 drivers
S_0x5fedb3bf18a0 .scope generate, "genblk1[18]" "genblk1[18]" 2 77, 2 77 0, S_0x5fedb3b75b20;
 .timescale 0 0;
P_0x5fedb3bf1aa0 .param/l "i" 1 2 77, +C4<010010>;
S_0x5fedb3bf1b80 .scope module, "d0" "add_sub_u" 2 78, 2 85 0, S_0x5fedb3bf18a0;
 .timescale 0 0;
    .port_info 0 /INPUT 1 "a";
    .port_info 1 /INPUT 1 "b";
    .port_info 2 /INPUT 1 "cin";
    .port_info 3 /OUTPUT 1 "o_and";
    .port_info 4 /OUTPUT 1 "o_xor";
    .port_info 5 /OUTPUT 1 "s";
    .port_info 6 /OUTPUT 1 "cout";
L_0x5fedb3c0f5f0 .functor AND 1, L_0x5fedb3c0fa90, L_0x5fedb3c0fb30, C4<1>, C4<1>;
L_0x5fedb3c0f690 .functor XOR 1, L_0x5fedb3c0fa90, L_0x5fedb3c0fb30, C4<0>, C4<0>;
L_0x5fedb3c0f7d0 .functor XOR 1, L_0x5fedb3c0f690, L_0x5fedb3c0fda0, C4<0>, C4<0>;
L_0x5fedb3c0f890 .functor AND 1, L_0x5fedb3c0f690, L_0x5fedb3c0fda0, C4<1>, C4<1>;
L_0x5fedb3c0f980 .functor OR 1, L_0x5fedb3c0f5f0, L_0x5fedb3c0f890, C4<0>, C4<0>;
v0x5fedb3bf1e10_0 .net *"_ivl_6", 0 0, L_0x5fedb3c0f890;  1 drivers
v0x5fedb3bf1f10_0 .net "a", 0 0, L_0x5fedb3c0fa90;  1 drivers
v0x5fedb3bf1fd0_0 .net "b", 0 0, L_0x5fedb3c0fb30;  1 drivers
v0x5fedb3bf2070_0 .net "cin", 0 0, L_0x5fedb3c0fda0;  1 drivers
v0x5fedb3bf2130_0 .net "cout", 0 0, L_0x5fedb3c0f980;  1 drivers
v0x5fedb3bf2240_0 .net "o_and", 0 0, L_0x5fedb3c0f5f0;  1 drivers
v0x5fedb3bf2300_0 .net "o_xor", 0 0, L_0x5fedb3c0f690;  1 drivers
v0x5fedb3bf23c0_0 .net "s", 0 0, L_0x5fedb3c0f7d0;  1 drivers
S_0x5fedb3bf25a0 .scope generate, "genblk1[19]" "genblk1[19]" 2 77, 2 77 0, S_0x5fedb3b75b20;
 .timescale 0 0;
P_0x5fedb3bf27a0 .param/l "i" 1 2 77, +C4<010011>;
S_0x5fedb3bf2880 .scope module, "d0" "add_sub_u" 2 78, 2 85 0, S_0x5fedb3bf25a0;
 .timescale 0 0;
    .port_info 0 /INPUT 1 "a";
    .port_info 1 /INPUT 1 "b";
    .port_info 2 /INPUT 1 "cin";
    .port_info 3 /OUTPUT 1 "o_and";
    .port_info 4 /OUTPUT 1 "o_xor";
    .port_info 5 /OUTPUT 1 "s";
    .port_info 6 /OUTPUT 1 "cout";
L_0x5fedb3c0fe40 .functor AND 1, L_0x5fedb3c102e0, L_0x5fedb3c10560, C4<1>, C4<1>;
L_0x5fedb3c0fee0 .functor XOR 1, L_0x5fedb3c102e0, L_0x5fedb3c10560, C4<0>, C4<0>;
L_0x5fedb3c10020 .functor XOR 1, L_0x5fedb3c0fee0, L_0x5fedb3c10600, C4<0>, C4<0>;
L_0x5fedb3c100e0 .functor AND 1, L_0x5fedb3c0fee0, L_0x5fedb3c10600, C4<1>, C4<1>;
L_0x5fedb3c101d0 .functor OR 1, L_0x5fedb3c0fe40, L_0x5fedb3c100e0, C4<0>, C4<0>;
v0x5fedb3bf2b10_0 .net *"_ivl_6", 0 0, L_0x5fedb3c100e0;  1 drivers
v0x5fedb3bf2c10_0 .net "a", 0 0, L_0x5fedb3c102e0;  1 drivers
v0x5fedb3bf2cd0_0 .net "b", 0 0, L_0x5fedb3c10560;  1 drivers
v0x5fedb3bf2d70_0 .net "cin", 0 0, L_0x5fedb3c10600;  1 drivers
v0x5fedb3bf2e30_0 .net "cout", 0 0, L_0x5fedb3c101d0;  1 drivers
v0x5fedb3bf2f40_0 .net "o_and", 0 0, L_0x5fedb3c0fe40;  1 drivers
v0x5fedb3bf3000_0 .net "o_xor", 0 0, L_0x5fedb3c0fee0;  1 drivers
v0x5fedb3bf30c0_0 .net "s", 0 0, L_0x5fedb3c10020;  1 drivers
S_0x5fedb3bf32a0 .scope generate, "genblk1[20]" "genblk1[20]" 2 77, 2 77 0, S_0x5fedb3b75b20;
 .timescale 0 0;
P_0x5fedb3bf34a0 .param/l "i" 1 2 77, +C4<010100>;
S_0x5fedb3bf3580 .scope module, "d0" "add_sub_u" 2 78, 2 85 0, S_0x5fedb3bf32a0;
 .timescale 0 0;
    .port_info 0 /INPUT 1 "a";
    .port_info 1 /INPUT 1 "b";
    .port_info 2 /INPUT 1 "cin";
    .port_info 3 /OUTPUT 1 "o_and";
    .port_info 4 /OUTPUT 1 "o_xor";
    .port_info 5 /OUTPUT 1 "s";
    .port_info 6 /OUTPUT 1 "cout";
L_0x5fedb3c10890 .functor AND 1, L_0x5fedb3c10d30, L_0x5fedb3c10dd0, C4<1>, C4<1>;
L_0x5fedb3c10930 .functor XOR 1, L_0x5fedb3c10d30, L_0x5fedb3c10dd0, C4<0>, C4<0>;
L_0x5fedb3c10a70 .functor XOR 1, L_0x5fedb3c10930, L_0x5fedb3c11070, C4<0>, C4<0>;
L_0x5fedb3c10b30 .functor AND 1, L_0x5fedb3c10930, L_0x5fedb3c11070, C4<1>, C4<1>;
L_0x5fedb3c10c20 .functor OR 1, L_0x5fedb3c10890, L_0x5fedb3c10b30, C4<0>, C4<0>;
v0x5fedb3bf3810_0 .net *"_ivl_6", 0 0, L_0x5fedb3c10b30;  1 drivers
v0x5fedb3bf3910_0 .net "a", 0 0, L_0x5fedb3c10d30;  1 drivers
v0x5fedb3bf39d0_0 .net "b", 0 0, L_0x5fedb3c10dd0;  1 drivers
v0x5fedb3bf3a70_0 .net "cin", 0 0, L_0x5fedb3c11070;  1 drivers
v0x5fedb3bf3b30_0 .net "cout", 0 0, L_0x5fedb3c10c20;  1 drivers
v0x5fedb3bf3c40_0 .net "o_and", 0 0, L_0x5fedb3c10890;  1 drivers
v0x5fedb3bf3d00_0 .net "o_xor", 0 0, L_0x5fedb3c10930;  1 drivers
v0x5fedb3bf3dc0_0 .net "s", 0 0, L_0x5fedb3c10a70;  1 drivers
S_0x5fedb3bf3fa0 .scope generate, "genblk1[21]" "genblk1[21]" 2 77, 2 77 0, S_0x5fedb3b75b20;
 .timescale 0 0;
P_0x5fedb3bf41a0 .param/l "i" 1 2 77, +C4<010101>;
S_0x5fedb3bf4280 .scope module, "d0" "add_sub_u" 2 78, 2 85 0, S_0x5fedb3bf3fa0;
 .timescale 0 0;
    .port_info 0 /INPUT 1 "a";
    .port_info 1 /INPUT 1 "b";
    .port_info 2 /INPUT 1 "cin";
    .port_info 3 /OUTPUT 1 "o_and";
    .port_info 4 /OUTPUT 1 "o_xor";
    .port_info 5 /OUTPUT 1 "s";
    .port_info 6 /OUTPUT 1 "cout";
L_0x5fedb3c11110 .functor AND 1, L_0x5fedb3c115b0, L_0x5fedb3c11860, C4<1>, C4<1>;
L_0x5fedb3c111b0 .functor XOR 1, L_0x5fedb3c115b0, L_0x5fedb3c11860, C4<0>, C4<0>;
L_0x5fedb3c112f0 .functor XOR 1, L_0x5fedb3c111b0, L_0x5fedb3c11900, C4<0>, C4<0>;
L_0x5fedb3c113b0 .functor AND 1, L_0x5fedb3c111b0, L_0x5fedb3c11900, C4<1>, C4<1>;
L_0x5fedb3c114a0 .functor OR 1, L_0x5fedb3c11110, L_0x5fedb3c113b0, C4<0>, C4<0>;
v0x5fedb3bf4510_0 .net *"_ivl_6", 0 0, L_0x5fedb3c113b0;  1 drivers
v0x5fedb3bf4610_0 .net "a", 0 0, L_0x5fedb3c115b0;  1 drivers
v0x5fedb3bf46d0_0 .net "b", 0 0, L_0x5fedb3c11860;  1 drivers
v0x5fedb3bf4770_0 .net "cin", 0 0, L_0x5fedb3c11900;  1 drivers
v0x5fedb3bf4830_0 .net "cout", 0 0, L_0x5fedb3c114a0;  1 drivers
v0x5fedb3bf4940_0 .net "o_and", 0 0, L_0x5fedb3c11110;  1 drivers
v0x5fedb3bf4a00_0 .net "o_xor", 0 0, L_0x5fedb3c111b0;  1 drivers
v0x5fedb3bf4ac0_0 .net "s", 0 0, L_0x5fedb3c112f0;  1 drivers
S_0x5fedb3bf4ca0 .scope generate, "genblk1[22]" "genblk1[22]" 2 77, 2 77 0, S_0x5fedb3b75b20;
 .timescale 0 0;
P_0x5fedb3bf4ea0 .param/l "i" 1 2 77, +C4<010110>;
S_0x5fedb3bf4f80 .scope module, "d0" "add_sub_u" 2 78, 2 85 0, S_0x5fedb3bf4ca0;
 .timescale 0 0;
    .port_info 0 /INPUT 1 "a";
    .port_info 1 /INPUT 1 "b";
    .port_info 2 /INPUT 1 "cin";
    .port_info 3 /OUTPUT 1 "o_and";
    .port_info 4 /OUTPUT 1 "o_xor";
    .port_info 5 /OUTPUT 1 "s";
    .port_info 6 /OUTPUT 1 "cout";
L_0x5fedb3c11bc0 .functor AND 1, L_0x5fedb3c12060, L_0x5fedb3c12100, C4<1>, C4<1>;
L_0x5fedb3c11c60 .functor XOR 1, L_0x5fedb3c12060, L_0x5fedb3c12100, C4<0>, C4<0>;
L_0x5fedb3c11da0 .functor XOR 1, L_0x5fedb3c11c60, L_0x5fedb3c123d0, C4<0>, C4<0>;
L_0x5fedb3c11e60 .functor AND 1, L_0x5fedb3c11c60, L_0x5fedb3c123d0, C4<1>, C4<1>;
L_0x5fedb3c11f50 .functor OR 1, L_0x5fedb3c11bc0, L_0x5fedb3c11e60, C4<0>, C4<0>;
v0x5fedb3bf5210_0 .net *"_ivl_6", 0 0, L_0x5fedb3c11e60;  1 drivers
v0x5fedb3bf5310_0 .net "a", 0 0, L_0x5fedb3c12060;  1 drivers
v0x5fedb3bf53d0_0 .net "b", 0 0, L_0x5fedb3c12100;  1 drivers
v0x5fedb3bf5470_0 .net "cin", 0 0, L_0x5fedb3c123d0;  1 drivers
v0x5fedb3bf5530_0 .net "cout", 0 0, L_0x5fedb3c11f50;  1 drivers
v0x5fedb3bf5640_0 .net "o_and", 0 0, L_0x5fedb3c11bc0;  1 drivers
v0x5fedb3bf5700_0 .net "o_xor", 0 0, L_0x5fedb3c11c60;  1 drivers
v0x5fedb3bf57c0_0 .net "s", 0 0, L_0x5fedb3c11da0;  1 drivers
S_0x5fedb3bf59a0 .scope generate, "genblk1[23]" "genblk1[23]" 2 77, 2 77 0, S_0x5fedb3b75b20;
 .timescale 0 0;
P_0x5fedb3bf5ba0 .param/l "i" 1 2 77, +C4<010111>;
S_0x5fedb3bf5c80 .scope module, "d0" "add_sub_u" 2 78, 2 85 0, S_0x5fedb3bf59a0;
 .timescale 0 0;
    .port_info 0 /INPUT 1 "a";
    .port_info 1 /INPUT 1 "b";
    .port_info 2 /INPUT 1 "cin";
    .port_info 3 /OUTPUT 1 "o_and";
    .port_info 4 /OUTPUT 1 "o_xor";
    .port_info 5 /OUTPUT 1 "s";
    .port_info 6 /OUTPUT 1 "cout";
L_0x5fedb3c12470 .functor AND 1, L_0x5fedb3c12910, L_0x5fedb3c12bf0, C4<1>, C4<1>;
L_0x5fedb3c12510 .functor XOR 1, L_0x5fedb3c12910, L_0x5fedb3c12bf0, C4<0>, C4<0>;
L_0x5fedb3c12650 .functor XOR 1, L_0x5fedb3c12510, L_0x5fedb3c12c90, C4<0>, C4<0>;
L_0x5fedb3c12710 .functor AND 1, L_0x5fedb3c12510, L_0x5fedb3c12c90, C4<1>, C4<1>;
L_0x5fedb3c12800 .functor OR 1, L_0x5fedb3c12470, L_0x5fedb3c12710, C4<0>, C4<0>;
v0x5fedb3bf5f10_0 .net *"_ivl_6", 0 0, L_0x5fedb3c12710;  1 drivers
v0x5fedb3bf6010_0 .net "a", 0 0, L_0x5fedb3c12910;  1 drivers
v0x5fedb3bf60d0_0 .net "b", 0 0, L_0x5fedb3c12bf0;  1 drivers
v0x5fedb3bf6170_0 .net "cin", 0 0, L_0x5fedb3c12c90;  1 drivers
v0x5fedb3bf6230_0 .net "cout", 0 0, L_0x5fedb3c12800;  1 drivers
v0x5fedb3bf6340_0 .net "o_and", 0 0, L_0x5fedb3c12470;  1 drivers
v0x5fedb3bf6400_0 .net "o_xor", 0 0, L_0x5fedb3c12510;  1 drivers
v0x5fedb3bf64c0_0 .net "s", 0 0, L_0x5fedb3c12650;  1 drivers
S_0x5fedb3bf66a0 .scope generate, "genblk1[24]" "genblk1[24]" 2 77, 2 77 0, S_0x5fedb3b75b20;
 .timescale 0 0;
P_0x5fedb3bf68a0 .param/l "i" 1 2 77, +C4<011000>;
S_0x5fedb3bf6980 .scope module, "d0" "add_sub_u" 2 78, 2 85 0, S_0x5fedb3bf66a0;
 .timescale 0 0;
    .port_info 0 /INPUT 1 "a";
    .port_info 1 /INPUT 1 "b";
    .port_info 2 /INPUT 1 "cin";
    .port_info 3 /OUTPUT 1 "o_and";
    .port_info 4 /OUTPUT 1 "o_xor";
    .port_info 5 /OUTPUT 1 "s";
    .port_info 6 /OUTPUT 1 "cout";
L_0x5fedb3c12f80 .functor AND 1, L_0x5fedb3c13420, L_0x5fedb3c134c0, C4<1>, C4<1>;
L_0x5fedb3c13020 .functor XOR 1, L_0x5fedb3c13420, L_0x5fedb3c134c0, C4<0>, C4<0>;
L_0x5fedb3c13160 .functor XOR 1, L_0x5fedb3c13020, L_0x5fedb3c137c0, C4<0>, C4<0>;
L_0x5fedb3c13220 .functor AND 1, L_0x5fedb3c13020, L_0x5fedb3c137c0, C4<1>, C4<1>;
L_0x5fedb3c13310 .functor OR 1, L_0x5fedb3c12f80, L_0x5fedb3c13220, C4<0>, C4<0>;
v0x5fedb3bf6c10_0 .net *"_ivl_6", 0 0, L_0x5fedb3c13220;  1 drivers
v0x5fedb3bf6d10_0 .net "a", 0 0, L_0x5fedb3c13420;  1 drivers
v0x5fedb3bf6dd0_0 .net "b", 0 0, L_0x5fedb3c134c0;  1 drivers
v0x5fedb3bf6e70_0 .net "cin", 0 0, L_0x5fedb3c137c0;  1 drivers
v0x5fedb3bf6f30_0 .net "cout", 0 0, L_0x5fedb3c13310;  1 drivers
v0x5fedb3bf7040_0 .net "o_and", 0 0, L_0x5fedb3c12f80;  1 drivers
v0x5fedb3bf7100_0 .net "o_xor", 0 0, L_0x5fedb3c13020;  1 drivers
v0x5fedb3bf71c0_0 .net "s", 0 0, L_0x5fedb3c13160;  1 drivers
S_0x5fedb3bf73a0 .scope generate, "genblk1[25]" "genblk1[25]" 2 77, 2 77 0, S_0x5fedb3b75b20;
 .timescale 0 0;
P_0x5fedb3bf75a0 .param/l "i" 1 2 77, +C4<011001>;
S_0x5fedb3bf7680 .scope module, "d0" "add_sub_u" 2 78, 2 85 0, S_0x5fedb3bf73a0;
 .timescale 0 0;
    .port_info 0 /INPUT 1 "a";
    .port_info 1 /INPUT 1 "b";
    .port_info 2 /INPUT 1 "cin";
    .port_info 3 /OUTPUT 1 "o_and";
    .port_info 4 /OUTPUT 1 "o_xor";
    .port_info 5 /OUTPUT 1 "s";
    .port_info 6 /OUTPUT 1 "cout";
L_0x5fedb3c13860 .functor AND 1, L_0x5fedb3c13d00, L_0x5fedb3c14010, C4<1>, C4<1>;
L_0x5fedb3c13900 .functor XOR 1, L_0x5fedb3c13d00, L_0x5fedb3c14010, C4<0>, C4<0>;
L_0x5fedb3c13a40 .functor XOR 1, L_0x5fedb3c13900, L_0x5fedb3c140b0, C4<0>, C4<0>;
L_0x5fedb3c13b00 .functor AND 1, L_0x5fedb3c13900, L_0x5fedb3c140b0, C4<1>, C4<1>;
L_0x5fedb3c13bf0 .functor OR 1, L_0x5fedb3c13860, L_0x5fedb3c13b00, C4<0>, C4<0>;
v0x5fedb3bf7910_0 .net *"_ivl_6", 0 0, L_0x5fedb3c13b00;  1 drivers
v0x5fedb3bf7a10_0 .net "a", 0 0, L_0x5fedb3c13d00;  1 drivers
v0x5fedb3bf7ad0_0 .net "b", 0 0, L_0x5fedb3c14010;  1 drivers
v0x5fedb3bf7b70_0 .net "cin", 0 0, L_0x5fedb3c140b0;  1 drivers
v0x5fedb3bf7c30_0 .net "cout", 0 0, L_0x5fedb3c13bf0;  1 drivers
v0x5fedb3bf7d40_0 .net "o_and", 0 0, L_0x5fedb3c13860;  1 drivers
v0x5fedb3bf7e00_0 .net "o_xor", 0 0, L_0x5fedb3c13900;  1 drivers
v0x5fedb3bf7ec0_0 .net "s", 0 0, L_0x5fedb3c13a40;  1 drivers
S_0x5fedb3bf80a0 .scope generate, "genblk1[26]" "genblk1[26]" 2 77, 2 77 0, S_0x5fedb3b75b20;
 .timescale 0 0;
P_0x5fedb3bf82a0 .param/l "i" 1 2 77, +C4<011010>;
S_0x5fedb3bf8380 .scope module, "d0" "add_sub_u" 2 78, 2 85 0, S_0x5fedb3bf80a0;
 .timescale 0 0;
    .port_info 0 /INPUT 1 "a";
    .port_info 1 /INPUT 1 "b";
    .port_info 2 /INPUT 1 "cin";
    .port_info 3 /OUTPUT 1 "o_and";
    .port_info 4 /OUTPUT 1 "o_xor";
    .port_info 5 /OUTPUT 1 "s";
    .port_info 6 /OUTPUT 1 "cout";
L_0x5fedb3c143d0 .functor AND 1, L_0x5fedb3c14870, L_0x5fedb3c14d20, C4<1>, C4<1>;
L_0x5fedb3c14470 .functor XOR 1, L_0x5fedb3c14870, L_0x5fedb3c14d20, C4<0>, C4<0>;
L_0x5fedb3c145b0 .functor XOR 1, L_0x5fedb3c14470, L_0x5fedb3c15050, C4<0>, C4<0>;
L_0x5fedb3c14670 .functor AND 1, L_0x5fedb3c14470, L_0x5fedb3c15050, C4<1>, C4<1>;
L_0x5fedb3c14760 .functor OR 1, L_0x5fedb3c143d0, L_0x5fedb3c14670, C4<0>, C4<0>;
v0x5fedb3bf8610_0 .net *"_ivl_6", 0 0, L_0x5fedb3c14670;  1 drivers
v0x5fedb3bf8710_0 .net "a", 0 0, L_0x5fedb3c14870;  1 drivers
v0x5fedb3bf87d0_0 .net "b", 0 0, L_0x5fedb3c14d20;  1 drivers
v0x5fedb3bf8870_0 .net "cin", 0 0, L_0x5fedb3c15050;  1 drivers
v0x5fedb3bf8930_0 .net "cout", 0 0, L_0x5fedb3c14760;  1 drivers
v0x5fedb3bf8a40_0 .net "o_and", 0 0, L_0x5fedb3c143d0;  1 drivers
v0x5fedb3bf8b00_0 .net "o_xor", 0 0, L_0x5fedb3c14470;  1 drivers
v0x5fedb3bf8bc0_0 .net "s", 0 0, L_0x5fedb3c145b0;  1 drivers
S_0x5fedb3bf8da0 .scope generate, "genblk1[27]" "genblk1[27]" 2 77, 2 77 0, S_0x5fedb3b75b20;
 .timescale 0 0;
P_0x5fedb3bf8fa0 .param/l "i" 1 2 77, +C4<011011>;
S_0x5fedb3bf9080 .scope module, "d0" "add_sub_u" 2 78, 2 85 0, S_0x5fedb3bf8da0;
 .timescale 0 0;
    .port_info 0 /INPUT 1 "a";
    .port_info 1 /INPUT 1 "b";
    .port_info 2 /INPUT 1 "cin";
    .port_info 3 /OUTPUT 1 "o_and";
    .port_info 4 /OUTPUT 1 "o_xor";
    .port_info 5 /OUTPUT 1 "s";
    .port_info 6 /OUTPUT 1 "cout";
L_0x5fedb3c150f0 .functor AND 1, L_0x5fedb3c15590, L_0x5fedb3c158d0, C4<1>, C4<1>;
L_0x5fedb3c15190 .functor XOR 1, L_0x5fedb3c15590, L_0x5fedb3c158d0, C4<0>, C4<0>;
L_0x5fedb3c152d0 .functor XOR 1, L_0x5fedb3c15190, L_0x5fedb3c15970, C4<0>, C4<0>;
L_0x5fedb3c15390 .functor AND 1, L_0x5fedb3c15190, L_0x5fedb3c15970, C4<1>, C4<1>;
L_0x5fedb3c15480 .functor OR 1, L_0x5fedb3c150f0, L_0x5fedb3c15390, C4<0>, C4<0>;
v0x5fedb3bf9310_0 .net *"_ivl_6", 0 0, L_0x5fedb3c15390;  1 drivers
v0x5fedb3bf9410_0 .net "a", 0 0, L_0x5fedb3c15590;  1 drivers
v0x5fedb3bf94d0_0 .net "b", 0 0, L_0x5fedb3c158d0;  1 drivers
v0x5fedb3bf9570_0 .net "cin", 0 0, L_0x5fedb3c15970;  1 drivers
v0x5fedb3bf9630_0 .net "cout", 0 0, L_0x5fedb3c15480;  1 drivers
v0x5fedb3bf9740_0 .net "o_and", 0 0, L_0x5fedb3c150f0;  1 drivers
v0x5fedb3bf9800_0 .net "o_xor", 0 0, L_0x5fedb3c15190;  1 drivers
v0x5fedb3bf98c0_0 .net "s", 0 0, L_0x5fedb3c152d0;  1 drivers
S_0x5fedb3bf9aa0 .scope generate, "genblk1[28]" "genblk1[28]" 2 77, 2 77 0, S_0x5fedb3b75b20;
 .timescale 0 0;
P_0x5fedb3bf9ca0 .param/l "i" 1 2 77, +C4<011100>;
S_0x5fedb3bf9d80 .scope module, "d0" "add_sub_u" 2 78, 2 85 0, S_0x5fedb3bf9aa0;
 .timescale 0 0;
    .port_info 0 /INPUT 1 "a";
    .port_info 1 /INPUT 1 "b";
    .port_info 2 /INPUT 1 "cin";
    .port_info 3 /OUTPUT 1 "o_and";
    .port_info 4 /OUTPUT 1 "o_xor";
    .port_info 5 /OUTPUT 1 "s";
    .port_info 6 /OUTPUT 1 "cout";
L_0x5fedb3c15cc0 .functor AND 1, L_0x5fedb3c16160, L_0x5fedb3c16200, C4<1>, C4<1>;
L_0x5fedb3c15d60 .functor XOR 1, L_0x5fedb3c16160, L_0x5fedb3c16200, C4<0>, C4<0>;
L_0x5fedb3c15ea0 .functor XOR 1, L_0x5fedb3c15d60, L_0x5fedb3c16560, C4<0>, C4<0>;
L_0x5fedb3c15f60 .functor AND 1, L_0x5fedb3c15d60, L_0x5fedb3c16560, C4<1>, C4<1>;
L_0x5fedb3c16050 .functor OR 1, L_0x5fedb3c15cc0, L_0x5fedb3c15f60, C4<0>, C4<0>;
v0x5fedb3bfa010_0 .net *"_ivl_6", 0 0, L_0x5fedb3c15f60;  1 drivers
v0x5fedb3bfa110_0 .net "a", 0 0, L_0x5fedb3c16160;  1 drivers
v0x5fedb3bfa1d0_0 .net "b", 0 0, L_0x5fedb3c16200;  1 drivers
v0x5fedb3bfa270_0 .net "cin", 0 0, L_0x5fedb3c16560;  1 drivers
v0x5fedb3bfa330_0 .net "cout", 0 0, L_0x5fedb3c16050;  1 drivers
v0x5fedb3bfa440_0 .net "o_and", 0 0, L_0x5fedb3c15cc0;  1 drivers
v0x5fedb3bfa500_0 .net "o_xor", 0 0, L_0x5fedb3c15d60;  1 drivers
v0x5fedb3bfa5c0_0 .net "s", 0 0, L_0x5fedb3c15ea0;  1 drivers
S_0x5fedb3bfa7a0 .scope generate, "genblk1[29]" "genblk1[29]" 2 77, 2 77 0, S_0x5fedb3b75b20;
 .timescale 0 0;
P_0x5fedb3bfa9a0 .param/l "i" 1 2 77, +C4<011101>;
S_0x5fedb3bfaa80 .scope module, "d0" "add_sub_u" 2 78, 2 85 0, S_0x5fedb3bfa7a0;
 .timescale 0 0;
    .port_info 0 /INPUT 1 "a";
    .port_info 1 /INPUT 1 "b";
    .port_info 2 /INPUT 1 "cin";
    .port_info 3 /OUTPUT 1 "o_and";
    .port_info 4 /OUTPUT 1 "o_xor";
    .port_info 5 /OUTPUT 1 "s";
    .port_info 6 /OUTPUT 1 "cout";
L_0x5fedb3c16600 .functor AND 1, L_0x5fedb3c16aa0, L_0x5fedb3c16e10, C4<1>, C4<1>;
L_0x5fedb3c166a0 .functor XOR 1, L_0x5fedb3c16aa0, L_0x5fedb3c16e10, C4<0>, C4<0>;
L_0x5fedb3c167e0 .functor XOR 1, L_0x5fedb3c166a0, L_0x5fedb3c16eb0, C4<0>, C4<0>;
L_0x5fedb3c168a0 .functor AND 1, L_0x5fedb3c166a0, L_0x5fedb3c16eb0, C4<1>, C4<1>;
L_0x5fedb3c16990 .functor OR 1, L_0x5fedb3c16600, L_0x5fedb3c168a0, C4<0>, C4<0>;
v0x5fedb3bfad10_0 .net *"_ivl_6", 0 0, L_0x5fedb3c168a0;  1 drivers
v0x5fedb3bfae10_0 .net "a", 0 0, L_0x5fedb3c16aa0;  1 drivers
v0x5fedb3bfaed0_0 .net "b", 0 0, L_0x5fedb3c16e10;  1 drivers
v0x5fedb3bfaf70_0 .net "cin", 0 0, L_0x5fedb3c16eb0;  1 drivers
v0x5fedb3bfb030_0 .net "cout", 0 0, L_0x5fedb3c16990;  1 drivers
v0x5fedb3bfb140_0 .net "o_and", 0 0, L_0x5fedb3c16600;  1 drivers
v0x5fedb3bfb200_0 .net "o_xor", 0 0, L_0x5fedb3c166a0;  1 drivers
v0x5fedb3bfb2c0_0 .net "s", 0 0, L_0x5fedb3c167e0;  1 drivers
S_0x5fedb3bfb4a0 .scope generate, "genblk1[30]" "genblk1[30]" 2 77, 2 77 0, S_0x5fedb3b75b20;
 .timescale 0 0;
P_0x5fedb3bfb6a0 .param/l "i" 1 2 77, +C4<011110>;
S_0x5fedb3bfb780 .scope module, "d0" "add_sub_u" 2 78, 2 85 0, S_0x5fedb3bfb4a0;
 .timescale 0 0;
    .port_info 0 /INPUT 1 "a";
    .port_info 1 /INPUT 1 "b";
    .port_info 2 /INPUT 1 "cin";
    .port_info 3 /OUTPUT 1 "o_and";
    .port_info 4 /OUTPUT 1 "o_xor";
    .port_info 5 /OUTPUT 1 "s";
    .port_info 6 /OUTPUT 1 "cout";
L_0x5fedb3c17230 .functor AND 1, L_0x5fedb3c176d0, L_0x5fedb3c17770, C4<1>, C4<1>;
L_0x5fedb3c172d0 .functor XOR 1, L_0x5fedb3c176d0, L_0x5fedb3c17770, C4<0>, C4<0>;
L_0x5fedb3c17410 .functor XOR 1, L_0x5fedb3c172d0, L_0x5fedb3c17b00, C4<0>, C4<0>;
L_0x5fedb3c174d0 .functor AND 1, L_0x5fedb3c172d0, L_0x5fedb3c17b00, C4<1>, C4<1>;
L_0x5fedb3c175c0 .functor OR 1, L_0x5fedb3c17230, L_0x5fedb3c174d0, C4<0>, C4<0>;
v0x5fedb3bfba10_0 .net *"_ivl_6", 0 0, L_0x5fedb3c174d0;  1 drivers
v0x5fedb3bfbb10_0 .net "a", 0 0, L_0x5fedb3c176d0;  1 drivers
v0x5fedb3bfbbd0_0 .net "b", 0 0, L_0x5fedb3c17770;  1 drivers
v0x5fedb3bfbc70_0 .net "cin", 0 0, L_0x5fedb3c17b00;  1 drivers
v0x5fedb3bfbd30_0 .net "cout", 0 0, L_0x5fedb3c175c0;  1 drivers
v0x5fedb3bfbe40_0 .net "o_and", 0 0, L_0x5fedb3c17230;  1 drivers
v0x5fedb3bfbf00_0 .net "o_xor", 0 0, L_0x5fedb3c172d0;  1 drivers
v0x5fedb3bfbfc0_0 .net "s", 0 0, L_0x5fedb3c17410;  1 drivers
S_0x5fedb3bfc1a0 .scope generate, "genblk1[31]" "genblk1[31]" 2 77, 2 77 0, S_0x5fedb3b75b20;
 .timescale 0 0;
P_0x5fedb3bfc3a0 .param/l "i" 1 2 77, +C4<011111>;
S_0x5fedb3bfc480 .scope module, "d0" "add_sub_u" 2 78, 2 85 0, S_0x5fedb3bfc1a0;
 .timescale 0 0;
    .port_info 0 /INPUT 1 "a";
    .port_info 1 /INPUT 1 "b";
    .port_info 2 /INPUT 1 "cin";
    .port_info 3 /OUTPUT 1 "o_and";
    .port_info 4 /OUTPUT 1 "o_xor";
    .port_info 5 /OUTPUT 1 "s";
    .port_info 6 /OUTPUT 1 "cout";
L_0x5fedb3c17ba0 .functor AND 1, L_0x5fedb3c18040, L_0x5fedb3c183e0, C4<1>, C4<1>;
L_0x5fedb3c17c40 .functor XOR 1, L_0x5fedb3c18040, L_0x5fedb3c183e0, C4<0>, C4<0>;
L_0x5fedb3c17d80 .functor XOR 1, L_0x5fedb3c17c40, L_0x5fedb3c18890, C4<0>, C4<0>;
L_0x5fedb3c17e40 .functor AND 1, L_0x5fedb3c17c40, L_0x5fedb3c18890, C4<1>, C4<1>;
L_0x5fedb3c17f30 .functor OR 1, L_0x5fedb3c17ba0, L_0x5fedb3c17e40, C4<0>, C4<0>;
v0x5fedb3bfc710_0 .net *"_ivl_6", 0 0, L_0x5fedb3c17e40;  1 drivers
v0x5fedb3bfc810_0 .net "a", 0 0, L_0x5fedb3c18040;  1 drivers
v0x5fedb3bfc8d0_0 .net "b", 0 0, L_0x5fedb3c183e0;  1 drivers
v0x5fedb3bfc970_0 .net "cin", 0 0, L_0x5fedb3c18890;  1 drivers
v0x5fedb3bfca30_0 .net "cout", 0 0, L_0x5fedb3c17f30;  1 drivers
v0x5fedb3bfcb40_0 .net "o_and", 0 0, L_0x5fedb3c17ba0;  1 drivers
v0x5fedb3bfcc00_0 .net "o_xor", 0 0, L_0x5fedb3c17c40;  1 drivers
v0x5fedb3bfccc0_0 .net "s", 0 0, L_0x5fedb3c17d80;  1 drivers
S_0x5fedb3bc2fc0 .scope module, "imm_mux" "imm_mux" 2 105;
 .timescale 0 0;
    .port_info 0 /INPUT 32 "instr";
    .port_info 1 /OUTPUT 32 "imm";
L_0x5fedb3c22c00 .functor OR 1, L_0x5fedb3c22890, L_0x5fedb3c22ac0, C4<0>, C4<0>;
L_0x5fedb3c22ee0 .functor OR 1, L_0x5fedb3c22c00, L_0x5fedb3c22db0, C4<0>, C4<0>;
L_0x5fedb3c235a0 .functor OR 1, L_0x5fedb3c234b0, L_0x5fedb3c236b0, C4<0>, C4<0>;
L_0x5fedb3c241c0 .functor OR 1, L_0x5fedb3c22ee0, L_0x5fedb3c23a40, C4<0>, C4<0>;
L_0x5fedb3c24280 .functor OR 1, L_0x5fedb3c23090, L_0x5fedb3c23270, C4<0>, C4<0>;
L_0x5fedb3c24cb0 .functor OR 1, L_0x5fedb3c22ee0, L_0x5fedb3c23090, C4<0>, C4<0>;
L_0x5fedb3c25570 .functor OR 1, L_0x5fedb3c235a0, L_0x5fedb3c23a40, C4<0>, C4<0>;
v0x5fedb3c00dc0_0 .net "Btype", 0 0, L_0x5fedb3c23270;  1 drivers
v0x5fedb3c00ea0_0 .net "Itype", 0 0, L_0x5fedb3c22ee0;  1 drivers
v0x5fedb3c00f60_0 .net "Jtype", 0 0, L_0x5fedb3c23a40;  1 drivers
v0x5fedb3c01000_0 .net "Stype", 0 0, L_0x5fedb3c23090;  1 drivers
v0x5fedb3c010c0_0 .net "Utype", 0 0, L_0x5fedb3c235a0;  1 drivers
v0x5fedb3c011d0_0 .net *"_ivl_1", 6 0, L_0x5fedb3c227f0;  1 drivers
v0x5fedb3c012b0_0 .net *"_ivl_10", 0 0, L_0x5fedb3c22ac0;  1 drivers
v0x5fedb3c01370_0 .net *"_ivl_100", 0 0, L_0x5fedb3c25570;  1 drivers
v0x5fedb3c01450_0 .net *"_ivl_103", 7 0, L_0x5fedb3c255e0;  1 drivers
v0x5fedb3c01530_0 .net *"_ivl_105", 0 0, L_0x5fedb3c25680;  1 drivers
v0x5fedb3c01610_0 .net *"_ivl_106", 7 0, L_0x5fedb3c25840;  1 drivers
v0x5fedb3c016f0_0 .net *"_ivl_111", 10 0, L_0x5fedb3c25b90;  1 drivers
v0x5fedb3c017d0_0 .net *"_ivl_113", 0 0, L_0x5fedb3c25c30;  1 drivers
v0x5fedb3c018b0_0 .net *"_ivl_114", 10 0, L_0x5fedb3c25e10;  1 drivers
v0x5fedb3c01990_0 .net *"_ivl_119", 0 0, L_0x5fedb3c260f0;  1 drivers
v0x5fedb3c01a70_0 .net *"_ivl_12", 0 0, L_0x5fedb3c22c00;  1 drivers
v0x5fedb3c01b50_0 .net *"_ivl_15", 6 0, L_0x5fedb3c22d10;  1 drivers
L_0x7958e9e37258 .functor BUFT 1, C4<0010011>, C4<0>, C4<0>, C4<0>;
v0x5fedb3c01c30_0 .net/2u *"_ivl_16", 6 0, L_0x7958e9e37258;  1 drivers
v0x5fedb3c01d10_0 .net *"_ivl_18", 0 0, L_0x5fedb3c22db0;  1 drivers
L_0x7958e9e371c8 .functor BUFT 1, C4<1100111>, C4<0>, C4<0>, C4<0>;
v0x5fedb3c01dd0_0 .net/2u *"_ivl_2", 6 0, L_0x7958e9e371c8;  1 drivers
v0x5fedb3c01eb0_0 .net *"_ivl_23", 6 0, L_0x5fedb3c22ff0;  1 drivers
L_0x7958e9e372a0 .functor BUFT 1, C4<0100011>, C4<0>, C4<0>, C4<0>;
v0x5fedb3c01f90_0 .net/2u *"_ivl_24", 6 0, L_0x7958e9e372a0;  1 drivers
v0x5fedb3c02070_0 .net *"_ivl_29", 6 0, L_0x5fedb3c231d0;  1 drivers
L_0x7958e9e372e8 .functor BUFT 1, C4<1100011>, C4<0>, C4<0>, C4<0>;
v0x5fedb3c02150_0 .net/2u *"_ivl_30", 6 0, L_0x7958e9e372e8;  1 drivers
v0x5fedb3c02230_0 .net *"_ivl_35", 6 0, L_0x5fedb3c23410;  1 drivers
L_0x7958e9e37330 .functor BUFT 1, C4<0110111>, C4<0>, C4<0>, C4<0>;
v0x5fedb3c02310_0 .net/2u *"_ivl_36", 6 0, L_0x7958e9e37330;  1 drivers
v0x5fedb3c023f0_0 .net *"_ivl_38", 0 0, L_0x5fedb3c234b0;  1 drivers
v0x5fedb3c024b0_0 .net *"_ivl_4", 0 0, L_0x5fedb3c22890;  1 drivers
v0x5fedb3c02570_0 .net *"_ivl_41", 6 0, L_0x5fedb3c23610;  1 drivers
L_0x7958e9e37378 .functor BUFT 1, C4<0010111>, C4<0>, C4<0>, C4<0>;
v0x5fedb3c02650_0 .net/2u *"_ivl_42", 6 0, L_0x7958e9e37378;  1 drivers
v0x5fedb3c02730_0 .net *"_ivl_44", 0 0, L_0x5fedb3c236b0;  1 drivers
v0x5fedb3c027f0_0 .net *"_ivl_49", 6 0, L_0x5fedb3c23890;  1 drivers
L_0x7958e9e373c0 .functor BUFT 1, C4<1101111>, C4<0>, C4<0>, C4<0>;
v0x5fedb3c028d0_0 .net/2u *"_ivl_50", 6 0, L_0x7958e9e373c0;  1 drivers
v0x5fedb3c02bc0_0 .net *"_ivl_55", 0 0, L_0x5fedb3c23c10;  1 drivers
v0x5fedb3c02ca0_0 .net *"_ivl_57", 0 0, L_0x5fedb3c23cb0;  1 drivers
L_0x7958e9e37408 .functor BUFT 1, C4<0>, C4<0>, C4<0>, C4<0>;
v0x5fedb3c02d80_0 .net/2u *"_ivl_58", 0 0, L_0x7958e9e37408;  1 drivers
v0x5fedb3c02e60_0 .net *"_ivl_60", 0 0, L_0x5fedb3c23df0;  1 drivers
v0x5fedb3c02f40_0 .net *"_ivl_64", 0 0, L_0x5fedb3c241c0;  1 drivers
v0x5fedb3c03020_0 .net *"_ivl_67", 3 0, L_0x5fedb3c23d50;  1 drivers
v0x5fedb3c03100_0 .net *"_ivl_68", 0 0, L_0x5fedb3c24280;  1 drivers
v0x5fedb3c031e0_0 .net *"_ivl_7", 6 0, L_0x5fedb3c229d0;  1 drivers
v0x5fedb3c032c0_0 .net *"_ivl_71", 3 0, L_0x5fedb3c24340;  1 drivers
L_0x7958e9e37450 .functor BUFT 1, C4<0000>, C4<0>, C4<0>, C4<0>;
v0x5fedb3c033a0_0 .net/2u *"_ivl_72", 3 0, L_0x7958e9e37450;  1 drivers
v0x5fedb3c03480_0 .net *"_ivl_74", 3 0, L_0x5fedb3c244a0;  1 drivers
L_0x7958e9e37498 .functor BUFT 1, C4<000000>, C4<0>, C4<0>, C4<0>;
v0x5fedb3c03560_0 .net/2u *"_ivl_78", 5 0, L_0x7958e9e37498;  1 drivers
L_0x7958e9e37210 .functor BUFT 1, C4<0000011>, C4<0>, C4<0>, C4<0>;
v0x5fedb3c03640_0 .net/2u *"_ivl_8", 6 0, L_0x7958e9e37210;  1 drivers
v0x5fedb3c03720_0 .net *"_ivl_81", 5 0, L_0x5fedb3c249a0;  1 drivers
v0x5fedb3c03800_0 .net *"_ivl_84", 0 0, L_0x5fedb3c24cb0;  1 drivers
v0x5fedb3c038e0_0 .net *"_ivl_87", 0 0, L_0x5fedb3c24d20;  1 drivers
v0x5fedb3c039c0_0 .net *"_ivl_89", 0 0, L_0x5fedb3c24dc0;  1 drivers
v0x5fedb3c03aa0_0 .net *"_ivl_91", 0 0, L_0x5fedb3c24f50;  1 drivers
L_0x7958e9e374e0 .functor BUFT 1, C4<0>, C4<0>, C4<0>, C4<0>;
v0x5fedb3c03b80_0 .net/2u *"_ivl_92", 0 0, L_0x7958e9e374e0;  1 drivers
v0x5fedb3c03c60_0 .net *"_ivl_94", 0 0, L_0x5fedb3c24ff0;  1 drivers
v0x5fedb3c03d40_0 .net *"_ivl_96", 0 0, L_0x5fedb3c25190;  1 drivers
v0x5fedb3c03e20_0 .net "imm", 31 0, L_0x5fedb3c26190;  1 drivers
v0x5fedb3c03f00_0 .net "imm_0", 0 0, L_0x5fedb3c23f80;  1 drivers
v0x5fedb3c03fc0_0 .net "imm_1", 3 0, L_0x5fedb3c24630;  1 drivers
v0x5fedb3c040a0_0 .net "imm_2", 5 0, L_0x5fedb3c24a40;  1 drivers
v0x5fedb3c04180_0 .net "imm_3", 0 0, L_0x5fedb3c252d0;  1 drivers
v0x5fedb3c04240_0 .net "imm_4", 7 0, L_0x5fedb3c259c0;  1 drivers
v0x5fedb3c04320_0 .net "imm_5", 10 0, L_0x5fedb3c25f00;  1 drivers
o0x7958e9e88058 .functor BUFZ 32, C4<zzzzzzzzzzzzzzzzzzzzzzzzzzzzzzzz>; HiZ drive
v0x5fedb3c04400_0 .net "instr", 31 0, o0x7958e9e88058;  0 drivers
L_0x5fedb3c227f0 .part o0x7958e9e88058, 0, 7;
L_0x5fedb3c22890 .cmp/eq 7, L_0x5fedb3c227f0, L_0x7958e9e371c8;
L_0x5fedb3c229d0 .part o0x7958e9e88058, 0, 7;
L_0x5fedb3c22ac0 .cmp/eq 7, L_0x5fedb3c229d0, L_0x7958e9e37210;
L_0x5fedb3c22d10 .part o0x7958e9e88058, 0, 7;
L_0x5fedb3c22db0 .cmp/eq 7, L_0x5fedb3c22d10, L_0x7958e9e37258;
L_0x5fedb3c22ff0 .part o0x7958e9e88058, 0, 7;
L_0x5fedb3c23090 .cmp/eq 7, L_0x5fedb3c22ff0, L_0x7958e9e372a0;
L_0x5fedb3c231d0 .part o0x7958e9e88058, 0, 7;
L_0x5fedb3c23270 .cmp/eq 7, L_0x5fedb3c231d0, L_0x7958e9e372e8;
L_0x5fedb3c23410 .part o0x7958e9e88058, 0, 7;
L_0x5fedb3c234b0 .cmp/eq 7, L_0x5fedb3c23410, L_0x7958e9e37330;
L_0x5fedb3c23610 .part o0x7958e9e88058, 0, 7;
L_0x5fedb3c236b0 .cmp/eq 7, L_0x5fedb3c23610, L_0x7958e9e37378;
L_0x5fedb3c23890 .part o0x7958e9e88058, 0, 7;
L_0x5fedb3c23a40 .cmp/eq 7, L_0x5fedb3c23890, L_0x7958e9e373c0;
L_0x5fedb3c23c10 .part o0x7958e9e88058, 20, 1;
L_0x5fedb3c23cb0 .part o0x7958e9e88058, 7, 1;
L_0x5fedb3c23df0 .functor MUXZ 1, L_0x7958e9e37408, L_0x5fedb3c23cb0, L_0x5fedb3c23090, C4<>;
L_0x5fedb3c23f80 .functor MUXZ 1, L_0x5fedb3c23df0, L_0x5fedb3c23c10, L_0x5fedb3c22ee0, C4<>;
L_0x5fedb3c23d50 .part o0x7958e9e88058, 21, 4;
L_0x5fedb3c24340 .part o0x7958e9e88058, 8, 4;
L_0x5fedb3c244a0 .functor MUXZ 4, L_0x7958e9e37450, L_0x5fedb3c24340, L_0x5fedb3c24280, C4<>;
L_0x5fedb3c24630 .functor MUXZ 4, L_0x5fedb3c244a0, L_0x5fedb3c23d50, L_0x5fedb3c241c0, C4<>;
L_0x5fedb3c249a0 .part o0x7958e9e88058, 25, 6;
L_0x5fedb3c24a40 .functor MUXZ 6, L_0x5fedb3c249a0, L_0x7958e9e37498, L_0x5fedb3c235a0, C4<>;
L_0x5fedb3c24d20 .part o0x7958e9e88058, 31, 1;
L_0x5fedb3c24dc0 .part o0x7958e9e88058, 7, 1;
L_0x5fedb3c24f50 .part o0x7958e9e88058, 20, 1;
L_0x5fedb3c24ff0 .functor MUXZ 1, L_0x7958e9e374e0, L_0x5fedb3c24f50, L_0x5fedb3c23a40, C4<>;
L_0x5fedb3c25190 .functor MUXZ 1, L_0x5fedb3c24ff0, L_0x5fedb3c24dc0, L_0x5fedb3c23270, C4<>;
L_0x5fedb3c252d0 .functor MUXZ 1, L_0x5fedb3c25190, L_0x5fedb3c24d20, L_0x5fedb3c24cb0, C4<>;
L_0x5fedb3c255e0 .part o0x7958e9e88058, 12, 8;
L_0x5fedb3c25680 .part o0x7958e9e88058, 31, 1;
LS_0x5fedb3c25840_0_0 .concat [ 1 1 1 1], L_0x5fedb3c25680, L_0x5fedb3c25680, L_0x5fedb3c25680, L_0x5fedb3c25680;
LS_0x5fedb3c25840_0_4 .concat [ 1 1 1 1], L_0x5fedb3c25680, L_0x5fedb3c25680, L_0x5fedb3c25680, L_0x5fedb3c25680;
L_0x5fedb3c25840 .concat [ 4 4 0 0], LS_0x5fedb3c25840_0_0, LS_0x5fedb3c25840_0_4;
L_0x5fedb3c259c0 .functor MUXZ 8, L_0x5fedb3c25840, L_0x5fedb3c255e0, L_0x5fedb3c25570, C4<>;
L_0x5fedb3c25b90 .part o0x7958e9e88058, 20, 11;
L_0x5fedb3c25c30 .part o0x7958e9e88058, 31, 1;
LS_0x5fedb3c25e10_0_0 .concat [ 1 1 1 1], L_0x5fedb3c25c30, L_0x5fedb3c25c30, L_0x5fedb3c25c30, L_0x5fedb3c25c30;
LS_0x5fedb3c25e10_0_4 .concat [ 1 1 1 1], L_0x5fedb3c25c30, L_0x5fedb3c25c30, L_0x5fedb3c25c30, L_0x5fedb3c25c30;
LS_0x5fedb3c25e10_0_8 .concat [ 1 1 1 0], L_0x5fedb3c25c30, L_0x5fedb3c25c30, L_0x5fedb3c25c30;
L_0x5fedb3c25e10 .concat [ 4 4 3 0], LS_0x5fedb3c25e10_0_0, LS_0x5fedb3c25e10_0_4, LS_0x5fedb3c25e10_0_8;
L_0x5fedb3c25f00 .functor MUXZ 11, L_0x5fedb3c25e10, L_0x5fedb3c25b90, L_0x5fedb3c235a0, C4<>;
L_0x5fedb3c260f0 .part o0x7958e9e88058, 31, 1;
LS_0x5fedb3c26190_0_0 .concat [ 1 4 6 1], L_0x5fedb3c23f80, L_0x5fedb3c24630, L_0x5fedb3c24a40, L_0x5fedb3c252d0;
LS_0x5fedb3c26190_0_4 .concat [ 8 11 1 0], L_0x5fedb3c259c0, L_0x5fedb3c25f00, L_0x5fedb3c260f0;
L_0x5fedb3c26190 .concat [ 12 20 0 0], LS_0x5fedb3c26190_0_0, LS_0x5fedb3c26190_0_4;
    .scope S_0x5fedb3ba9d10;
T_0 ;
    %wait E_0x5fedb3b31fe0;
    %load/vec4 v0x5fedb3bffde0_0;
    %dup/vec4;
    %pushi/vec4 0, 0, 3;
    %cmp/u;
    %jmp/1 T_0.0, 6;
    %dup/vec4;
    %pushi/vec4 1, 0, 3;
    %cmp/u;
    %jmp/1 T_0.1, 6;
    %dup/vec4;
    %pushi/vec4 2, 0, 3;
    %cmp/u;
    %jmp/1 T_0.2, 6;
    %dup/vec4;
    %pushi/vec4 3, 0, 3;
    %cmp/u;
    %jmp/1 T_0.3, 6;
    %dup/vec4;
    %pushi/vec4 4, 0, 3;
    %cmp/u;
    %jmp/1 T_0.4, 6;
    %dup/vec4;
    %pushi/vec4 5, 0, 3;
    %cmp/u;
    %jmp/1 T_0.5, 6;
    %dup/vec4;
    %pushi/vec4 6, 0, 3;
    %cmp/u;
    %jmp/1 T_0.6, 6;
    %dup/vec4;
    %pushi/vec4 7, 0, 3;
    %cmp/u;
    %jmp/1 T_0.7, 6;
    %jmp T_0.8;
T_0.0 ;
    %load/vec4 v0x5fedb3c007a0_0;
    %store/vec4 v0x5fedb3c00870_0, 0, 32;
    %jmp T_0.8;
T_0.1 ;
    %load/vec4 v0x5fedb3c00440_0;
    %store/vec4 v0x5fedb3c00870_0, 0, 32;
    %jmp T_0.8;
T_0.2 ;
    %pushi/vec4 0, 0, 31;
    %load/vec4 v0x5fedb3c00ac0_0;
    %concat/vec4; draw_concat_vec4
    %store/vec4 v0x5fedb3c00870_0, 0, 32;
    %jmp T_0.8;
T_0.3 ;
    %pushi/vec4 0, 0, 31;
    %load/vec4 v0x5fedb3c00b80_0;
    %concat/vec4; draw_concat_vec4
    %store/vec4 v0x5fedb3c00870_0, 0, 32;
    %jmp T_0.8;
T_0.4 ;
    %load/vec4 v0x5fedb3c006e0_0;
    %store/vec4 v0x5fedb3c00870_0, 0, 32;
    %jmp T_0.8;
T_0.5 ;
    %load/vec4 v0x5fedb3c00930_0;
    %store/vec4 v0x5fedb3c00870_0, 0, 32;
    %jmp T_0.8;
T_0.6 ;
    %load/vec4 v0x5fedb3c00640_0;
    %store/vec4 v0x5fedb3c00870_0, 0, 32;
    %jmp T_0.8;
T_0.7 ;
    %load/vec4 v0x5fedb3c005a0_0;
    %store/vec4 v0x5fedb3c00870_0, 0, 32;
    %jmp T_0.8;
T_0.8 ;
    %pop/vec4 1;
    %jmp T_0;
    .thread T_0, $push;
    .scope S_0x5fedb3ba9d10;
T_1 ;
    %wait E_0x5fedb3b30d50;
    %load/vec4 v0x5fedb3bffea0_0;
    %dup/vec4;
    %pushi/vec4 0, 0, 2;
    %cmp/u;
    %jmp/1 T_1.0, 6;
    %dup/vec4;
    %pushi/vec4 1, 0, 2;
    %cmp/u;
    %jmp/1 T_1.1, 6;
    %dup/vec4;
    %pushi/vec4 2, 0, 2;
    %cmp/u;
    %jmp/1 T_1.2, 6;
    %dup/vec4;
    %pushi/vec4 3, 0, 2;
    %cmp/u;
    %jmp/1 T_1.3, 6;
    %jmp T_1.4;
T_1.0 ;
    %load/vec4 v0x5fedb3c00a20_0;
    %store/vec4 v0x5fedb3c00060_0, 0, 1;
    %jmp T_1.4;
T_1.1 ;
    %load/vec4 v0x5fedb3bfff80_0;
    %parti/s 1, 0, 2;
    %store/vec4 v0x5fedb3c00060_0, 0, 1;
    %jmp T_1.4;
T_1.2 ;
    %load/vec4 v0x5fedb3c00ac0_0;
    %store/vec4 v0x5fedb3c00060_0, 0, 1;
    %jmp T_1.4;
T_1.3 ;
    %load/vec4 v0x5fedb3c00b80_0;
    %store/vec4 v0x5fedb3c00060_0, 0, 1;
    %jmp T_1.4;
T_1.4 ;
    %pop/vec4 1;
    %jmp T_1;
    .thread T_1, $push;
# The file index is used to find the file name in the following table.
:file_names 3;
    "N/A";
    "<interactive>";
    "alu.v";
