Reading netlist file: "/home/arruk/TRYonRISCV/RTL/PRIMER25k/impl/gwsynthesis/PRIMER25k.vg"
Parsing netlist file "/home/arruk/TRYonRISCV/RTL/PRIMER25k/impl/gwsynthesis/PRIMER25k.vg" completed
Processing netlist completed
Reading constraint file: "/home/arruk/TRYonRISCV/RTL/PRIMER25k/src/soc.cst"
Physical Constraint parsed completed
Running placement......
[10%] Placement Phase 0 completed
[20%] Placement Phase 1 completed
[30%] Placement Phase 2 completed
WARN  (TA1132) :  'CLK' was determined to be a clock but was not created.
[50%] Placement Phase 3 completed
Running routing......
[60%] Routing Phase 0 completed
[70%] Routing Phase 1 completed
[80%] Routing Phase 2 completed
[90%] Routing Phase 3 completed
Running timing analysis......
[95%] Timing analysis completed
Placement and routing completed
Bitstream generation in progress......
Bitstream generation completed
Running power analysis......
[100%] Power analysis completed
Generate file "/home/arruk/TRYonRISCV/RTL/PRIMER25k/impl/pnr/PRIMER25k.power.html" completed
Generate file "/home/arruk/TRYonRISCV/RTL/PRIMER25k/impl/pnr/PRIMER25k.pin.html" completed
Generate file "/home/arruk/TRYonRISCV/RTL/PRIMER25k/impl/pnr/PRIMER25k.rpt.html" completed
Generate file "/home/arruk/TRYonRISCV/RTL/PRIMER25k/impl/pnr/PRIMER25k.rpt.txt" completed
Generate file "/home/arruk/TRYonRISCV/RTL/PRIMER25k/impl/pnr/PRIMER25k.tr.html" completed
Wed Jan  1 22:12:28 2025

